{"/home/travis/build/npmtest/node-npmtest-csso/test.js":{"path":"/home/travis/build/npmtest/node-npmtest-csso/test.js","s":{"1":2,"2":2,"3":2,"4":2,"5":2,"6":2,"7":2,"8":1,"9":2,"10":2,"11":1,"12":1,"13":1,"14":1,"15":2,"16":2,"17":2,"18":2,"19":1,"20":1,"21":2,"22":2,"23":2,"24":1,"25":1,"26":1,"27":1,"28":1,"29":1,"30":1,"31":1,"32":1,"33":1,"34":1,"35":1,"36":1,"37":1,"38":1,"39":2,"40":2,"41":1,"42":2,"43":2,"44":1,"45":2,"46":2,"47":1,"48":2,"49":2,"50":1,"51":1,"52":1,"53":1,"54":1},"b":{"1":[2,1,1,1],"2":[1,1,1,1],"3":[1,1],"4":[1,1],"5":[1,1],"6":[1,1],"7":[1,1],"8":[1,1],"9":[1,1],"10":[1,1,1],"11":[1,1],"12":[1,1],"13":[1,1],"14":[1,1],"15":[1,1],"16":[1,1],"17":[1,1]},"f":{"1":2,"2":2,"3":2,"4":2,"5":2,"6":1,"7":1,"8":1,"9":2,"10":2,"11":2,"12":2,"13":1},"fnMap":{"1":{"name":"(anonymous_1)","line":12,"loc":{"start":{"line":12,"column":1},"end":{"line":12,"column":13}}},"2":{"name":"(anonymous_2)","line":19,"loc":{"start":{"line":19,"column":5},"end":{"line":19,"column":17}}},"3":{"name":"(anonymous_3)","line":23,"loc":{"start":{"line":23,"column":24},"end":{"line":23,"column":36}}},"4":{"name":"(anonymous_4)","line":61,"loc":{"start":{"line":61,"column":5},"end":{"line":61,"column":17}}},"5":{"name":"(anonymous_5)","line":82,"loc":{"start":{"line":82,"column":5},"end":{"line":82,"column":17}}},"6":{"name":"(anonymous_6)","line":91,"loc":{"start":{"line":91,"column":77},"end":{"line":94,"column":10}}},"7":{"name":"(anonymous_7)","line":112,"loc":{"start":{"line":112,"column":83},"end":{"line":115,"column":10}},"skip":true},"8":{"name":"(anonymous_8)","line":123,"loc":{"start":{"line":123,"column":77},"end":{"line":126,"column":10}},"skip":true},"9":{"name":"(anonymous_9)","line":139,"loc":{"start":{"line":139,"column":12},"end":{"line":139,"column":40}},"skip":true},"10":{"name":"(anonymous_10)","line":147,"loc":{"start":{"line":147,"column":77},"end":{"line":150,"column":10}},"skip":true},"11":{"name":"(anonymous_11)","line":158,"loc":{"start":{"line":158,"column":83},"end":{"line":161,"column":10}},"skip":true},"12":{"name":"(anonymous_12)","line":169,"loc":{"start":{"line":169,"column":79},"end":{"line":172,"column":10}},"skip":true},"13":{"name":"(anonymous_13)","line":180,"loc":{"start":{"line":180,"column":75},"end":{"line":183,"column":10}},"skip":true}},"statementMap":{"1":{"start":{"line":12,"column":0},"end":{"line":195,"column":5}},"2":{"start":{"line":14,"column":4},"end":{"line":14,"column":14}},"3":{"start":{"line":19,"column":4},"end":{"line":56,"column":9}},"4":{"start":{"line":21,"column":8},"end":{"line":21,"column":19}},"5":{"start":{"line":23,"column":8},"end":{"line":35,"column":13}},"6":{"start":{"line":24,"column":12},"end":{"line":34,"column":13}},"7":{"start":{"line":25,"column":16},"end":{"line":28,"column":30}},"8":{"start":{"line":30,"column":16},"end":{"line":33,"column":27}},"9":{"start":{"line":37,"column":8},"end":{"line":39,"column":21}},"10":{"start":{"line":40,"column":8},"end":{"line":53,"column":9}},"11":{"start":{"line":43,"column":12},"end":{"line":46,"column":14}},"12":{"start":{"line":47,"column":12},"end":{"line":47,"column":18}},"13":{"start":{"line":50,"column":12},"end":{"line":51,"column":33}},"14":{"start":{"line":52,"column":12},"end":{"line":52,"column":18}},"15":{"start":{"line":55,"column":8},"end":{"line":55,"column":35}},"16":{"start":{"line":61,"column":4},"end":{"line":63,"column":9}},"17":{"start":{"line":62,"column":8},"end":{"line":62,"column":15}},"18":{"start":{"line":64,"column":4},"end":{"line":77,"column":5}},"19":{"start":{"line":70,"column":8},"end":{"line":70,"column":14}},"20":{"start":{"line":76,"column":8},"end":{"line":76,"column":14}},"21":{"start":{"line":82,"column":4},"end":{"line":84,"column":9}},"22":{"start":{"line":83,"column":8},"end":{"line":83,"column":15}},"23":{"start":{"line":85,"column":4},"end":{"line":194,"column":5}},"24":{"start":{"line":91,"column":8},"end":{"line":99,"column":10}},"25":{"start":{"line":98,"column":12},"end":{"line":98,"column":35}},"26":{"start":{"line":102,"column":8},"end":{"line":104,"column":63}},"27":{"start":{"line":105,"column":8},"end":{"line":105,"column":14}},"28":{"start":{"line":112,"column":8},"end":{"line":121,"column":10},"skip":true},"29":{"start":{"line":119,"column":12},"end":{"line":119,"column":55},"skip":true},"30":{"start":{"line":120,"column":12},"end":{"line":120,"column":48},"skip":true},"31":{"start":{"line":123,"column":8},"end":{"line":136,"column":10},"skip":true},"32":{"start":{"line":130,"column":12},"end":{"line":130,"column":76},"skip":true},"33":{"start":{"line":131,"column":12},"end":{"line":131,"column":73},"skip":true},"34":{"start":{"line":132,"column":12},"end":{"line":132,"column":74},"skip":true},"35":{"start":{"line":133,"column":12},"end":{"line":133,"column":79},"skip":true},"36":{"start":{"line":134,"column":12},"end":{"line":134,"column":25},"skip":true},"37":{"start":{"line":135,"column":12},"end":{"line":135,"column":45},"skip":true},"38":{"start":{"line":138,"column":8},"end":{"line":145,"column":14},"skip":true},"39":{"start":{"line":143,"column":16},"end":{"line":143,"column":29},"skip":true},"40":{"start":{"line":144,"column":16},"end":{"line":144,"column":55},"skip":true},"41":{"start":{"line":147,"column":8},"end":{"line":156,"column":10},"skip":true},"42":{"start":{"line":154,"column":12},"end":{"line":154,"column":25},"skip":true},"43":{"start":{"line":155,"column":12},"end":{"line":155,"column":45},"skip":true},"44":{"start":{"line":158,"column":8},"end":{"line":167,"column":10},"skip":true},"45":{"start":{"line":165,"column":12},"end":{"line":165,"column":25},"skip":true},"46":{"start":{"line":166,"column":12},"end":{"line":166,"column":48},"skip":true},"47":{"start":{"line":169,"column":8},"end":{"line":178,"column":10},"skip":true},"48":{"start":{"line":176,"column":12},"end":{"line":176,"column":25},"skip":true},"49":{"start":{"line":177,"column":12},"end":{"line":177,"column":46},"skip":true},"50":{"start":{"line":180,"column":8},"end":{"line":189,"column":10},"skip":true},"51":{"start":{"line":187,"column":12},"end":{"line":187,"column":94},"skip":true},"52":{"start":{"line":188,"column":12},"end":{"line":188,"column":48},"skip":true},"53":{"start":{"line":192,"column":8},"end":{"line":192,"column":35},"skip":true},"54":{"start":{"line":193,"column":8},"end":{"line":193,"column":14},"skip":true}},"branchMap":{"1":{"line":25,"type":"binary-expr","locations":[{"start":{"line":25,"column":23},"end":{"line":25,"column":62}},{"start":{"line":26,"column":20},"end":{"line":26,"column":70}},{"start":{"line":27,"column":20},"end":{"line":27,"column":71}},{"start":{"line":28,"column":20},"end":{"line":28,"column":29}}]},"2":{"line":30,"type":"binary-expr","locations":[{"start":{"line":30,"column":23},"end":{"line":30,"column":37}},{"start":{"line":31,"column":20},"end":{"line":31,"column":61}},{"start":{"line":32,"column":20},"end":{"line":32,"column":70}},{"start":{"line":33,"column":20},"end":{"line":33,"column":26}}]},"3":{"line":37,"type":"cond-expr","locations":[{"start":{"line":38,"column":14},"end":{"line":38,"column":20}},{"start":{"line":39,"column":14},"end":{"line":39,"column":20}}]},"4":{"line":40,"type":"switch","locations":[{"start":{"line":42,"column":8},"end":{"line":47,"column":18}},{"start":{"line":49,"column":8},"end":{"line":52,"column":18}}]},"5":{"line":44,"type":"binary-expr","locations":[{"start":{"line":44,"column":16},"end":{"line":44,"column":44}},{"start":{"line":44,"column":48},"end":{"line":44,"column":66}}]},"6":{"line":50,"type":"binary-expr","locations":[{"start":{"line":50,"column":21},"end":{"line":50,"column":49}},{"start":{"line":50,"column":53},"end":{"line":50,"column":72}}]},"7":{"line":64,"type":"switch","locations":[{"start":{"line":69,"column":4},"end":{"line":70,"column":14}},{"start":{"line":75,"column":4},"end":{"line":76,"column":14}}]},"8":{"line":85,"type":"switch","locations":[{"start":{"line":90,"column":4},"end":{"line":105,"column":14}},{"start":{"line":111,"column":4},"end":{"line":193,"column":14},"skip":true}]},"9":{"line":91,"type":"binary-expr","locations":[{"start":{"line":91,"column":42},"end":{"line":91,"column":73}},{"start":{"line":91,"column":77},"end":{"line":99,"column":9}}]},"10":{"line":102,"type":"binary-expr","locations":[{"start":{"line":102,"column":18},"end":{"line":102,"column":32}},{"start":{"line":103,"column":12},"end":{"line":103,"column":53}},{"start":{"line":104,"column":12},"end":{"line":104,"column":61}}]},"11":{"line":112,"type":"binary-expr","locations":[{"start":{"line":112,"column":45},"end":{"line":112,"column":79},"skip":true},{"start":{"line":112,"column":83},"end":{"line":121,"column":9},"skip":true}]},"12":{"line":123,"type":"binary-expr","locations":[{"start":{"line":123,"column":42},"end":{"line":123,"column":73},"skip":true},{"start":{"line":123,"column":77},"end":{"line":136,"column":9},"skip":true}]},"13":{"line":138,"type":"binary-expr","locations":[{"start":{"line":138,"column":48},"end":{"line":138,"column":85},"skip":true},{"start":{"line":139,"column":12},"end":{"line":145,"column":13},"skip":true}]},"14":{"line":147,"type":"binary-expr","locations":[{"start":{"line":147,"column":42},"end":{"line":147,"column":73},"skip":true},{"start":{"line":147,"column":77},"end":{"line":156,"column":9},"skip":true}]},"15":{"line":158,"type":"binary-expr","locations":[{"start":{"line":158,"column":45},"end":{"line":158,"column":79},"skip":true},{"start":{"line":158,"column":83},"end":{"line":167,"column":9},"skip":true}]},"16":{"line":169,"type":"binary-expr","locations":[{"start":{"line":169,"column":43},"end":{"line":169,"column":75},"skip":true},{"start":{"line":169,"column":79},"end":{"line":178,"column":9},"skip":true}]},"17":{"line":180,"type":"binary-expr","locations":[{"start":{"line":180,"column":41},"end":{"line":180,"column":71},"skip":true},{"start":{"line":180,"column":75},"end":{"line":189,"column":9},"skip":true}]}},"code":["/* istanbul instrument in package npmtest_csso */","/*jslint","    bitwise: true,","    browser: true,","    maxerr: 8,","    maxlen: 96,","    node: true,","    nomen: true,","    regexp: true,","    stupid: true","*/","(function () {","    'use strict';","    var local;","","","","    // run shared js-env code - init-before","    (function () {","        // init local","        local = {};","        // init modeJs","        local.modeJs = (function () {","            try {","                return typeof navigator.userAgent === 'string' &&","                    typeof document.querySelector('body') === 'object' &&","                    typeof XMLHttpRequest.prototype.open === 'function' &&","                    'browser';","            } catch (errorCaughtBrowser) {","                return module.exports &&","                    typeof process.versions.node === 'string' &&","                    typeof require('http').createServer === 'function' &&","                    'node';","            }","        }());","        // init global","        local.global = local.modeJs === 'browser'","            ? window","            : global;","        switch (local.modeJs) {","        // re-init local from window.local","        case 'browser':","            local = local.global.utility2.objectSetDefault(","                local.global.utility2_rollup || local.global.local,","                local.global.utility2","            );","            break;","        // re-init local from example.js","        case 'node':","            local = (local.global.utility2_rollup || require('utility2'))","                .requireReadme();","            break;","        }","        // export local","        local.global.local = local;","    }());","","","","    // run shared js-env code - function","    (function () {","        return;","    }());","    switch (local.modeJs) {","","","","    // run browser js-env code - function","    case 'browser':","        break;","","","","    // run node js-env code - function","    case 'node':","        break;","    }","","","","    // run shared js-env code - init-after","    (function () {","        return;","    }());","    switch (local.modeJs) {","","","","    // run browser js-env code - init-after","    case 'browser':","        local.testCase_browser_nullCase = local.testCase_browser_nullCase || function (","            options,","            onError","        ) {","        /*","         * this function will test browsers's null-case handling-behavior-behavior","         */","            onError(null, options);","        };","","        // run tests","        local.nop(local.modeTest &&","            document.querySelector('#testRunButton1') &&","            document.querySelector('#testRunButton1').click());","        break;","","","","    // run node js-env code - init-after","    /* istanbul ignore next */","    case 'node':","        local.testCase_buildApidoc_default = local.testCase_buildApidoc_default || function (","            options,","            onError","        ) {","        /*","         * this function will test buildApidoc's default handling-behavior-behavior","         */","            options = { modulePathList: module.paths };","            local.buildApidoc(options, onError);","        };","","        local.testCase_buildApp_default = local.testCase_buildApp_default || function (","            options,","            onError","        ) {","        /*","         * this function will test buildApp's default handling-behavior-behavior","         */","            local.testCase_buildReadme_default(options, local.onErrorThrow);","            local.testCase_buildLib_default(options, local.onErrorThrow);","            local.testCase_buildTest_default(options, local.onErrorThrow);","            local.testCase_buildCustomOrg_default(options, local.onErrorThrow);","            options = [];","            local.buildApp(options, onError);","        };","","        local.testCase_buildCustomOrg_default = local.testCase_buildCustomOrg_default ||","            function (options, onError) {","            /*","             * this function will test buildCustomOrg's default handling-behavior","             */","                options = {};","                local.buildCustomOrg(options, onError);","            };","","        local.testCase_buildLib_default = local.testCase_buildLib_default || function (","            options,","            onError","        ) {","        /*","         * this function will test buildLib's default handling-behavior","         */","            options = {};","            local.buildLib(options, onError);","        };","","        local.testCase_buildReadme_default = local.testCase_buildReadme_default || function (","            options,","            onError","        ) {","        /*","         * this function will test buildReadme's default handling-behavior-behavior","         */","            options = {};","            local.buildReadme(options, onError);","        };","","        local.testCase_buildTest_default = local.testCase_buildTest_default || function (","            options,","            onError","        ) {","        /*","         * this function will test buildTest's default handling-behavior","         */","            options = {};","            local.buildTest(options, onError);","        };","","        local.testCase_webpage_default = local.testCase_webpage_default || function (","            options,","            onError","        ) {","        /*","         * this function will test webpage's default handling-behavior","         */","            options = { modeCoverageMerge: true, url: local.serverLocalHost + '?modeTest=1' };","            local.browserTest(options, onError);","        };","","        // run test-server","        local.testRunServer(local);","        break;","    }","}());",""],"l":{"12":2,"14":2,"19":2,"21":2,"23":2,"24":2,"25":2,"30":1,"37":2,"40":2,"43":1,"47":1,"50":1,"52":1,"55":2,"61":2,"62":2,"64":2,"70":1,"76":1,"82":2,"83":2,"85":2,"91":1,"98":1,"102":1,"105":1,"112":1,"119":1,"120":1,"123":1,"130":1,"131":1,"132":1,"133":1,"134":1,"135":1,"138":1,"143":2,"144":2,"147":1,"154":2,"155":2,"158":1,"165":2,"166":2,"169":1,"176":2,"177":2,"180":1,"187":1,"188":1,"192":1,"193":1}},"/home/travis/build/npmtest/node-npmtest-csso/lib.npmtest_csso.js":{"path":"/home/travis/build/npmtest/node-npmtest-csso/lib.npmtest_csso.js","s":{"1":2,"2":2,"3":2,"4":2,"5":2,"6":2,"7":2,"8":1,"9":2,"10":2,"11":2,"12":2,"13":1,"14":1,"15":1,"16":1},"b":{"1":[2,1,1,1],"2":[1,1,1,1],"3":[1,1],"4":[2,2],"5":[1,1]},"f":{"1":2,"2":2,"3":2},"fnMap":{"1":{"name":"(anonymous_1)","line":12,"loc":{"start":{"line":12,"column":1},"end":{"line":12,"column":13}}},"2":{"name":"(anonymous_2)","line":19,"loc":{"start":{"line":19,"column":5},"end":{"line":19,"column":17}}},"3":{"name":"(anonymous_3)","line":23,"loc":{"start":{"line":23,"column":24},"end":{"line":23,"column":36}}}},"statementMap":{"1":{"start":{"line":12,"column":0},"end":{"line":53,"column":5}},"2":{"start":{"line":14,"column":4},"end":{"line":14,"column":14}},"3":{"start":{"line":19,"column":4},"end":{"line":52,"column":9}},"4":{"start":{"line":21,"column":8},"end":{"line":21,"column":19}},"5":{"start":{"line":23,"column":8},"end":{"line":35,"column":13}},"6":{"start":{"line":24,"column":12},"end":{"line":34,"column":13}},"7":{"start":{"line":25,"column":16},"end":{"line":28,"column":30}},"8":{"start":{"line":30,"column":16},"end":{"line":33,"column":27}},"9":{"start":{"line":37,"column":8},"end":{"line":39,"column":21}},"10":{"start":{"line":41,"column":8},"end":{"line":41,"column":54}},"11":{"start":{"line":43,"column":8},"end":{"line":43,"column":49}},"12":{"start":{"line":45,"column":8},"end":{"line":51,"column":9}},"13":{"start":{"line":46,"column":12},"end":{"line":46,"column":55}},"14":{"start":{"line":48,"column":12},"end":{"line":48,"column":35}},"15":{"start":{"line":49,"column":12},"end":{"line":49,"column":49}},"16":{"start":{"line":50,"column":12},"end":{"line":50,"column":43}}},"branchMap":{"1":{"line":25,"type":"binary-expr","locations":[{"start":{"line":25,"column":23},"end":{"line":25,"column":62}},{"start":{"line":26,"column":20},"end":{"line":26,"column":70}},{"start":{"line":27,"column":20},"end":{"line":27,"column":71}},{"start":{"line":28,"column":20},"end":{"line":28,"column":29}}]},"2":{"line":30,"type":"binary-expr","locations":[{"start":{"line":30,"column":23},"end":{"line":30,"column":37}},{"start":{"line":31,"column":20},"end":{"line":31,"column":61}},{"start":{"line":32,"column":20},"end":{"line":32,"column":70}},{"start":{"line":33,"column":20},"end":{"line":33,"column":26}}]},"3":{"line":37,"type":"cond-expr","locations":[{"start":{"line":38,"column":14},"end":{"line":38,"column":20}},{"start":{"line":39,"column":14},"end":{"line":39,"column":20}}]},"4":{"line":41,"type":"binary-expr","locations":[{"start":{"line":41,"column":16},"end":{"line":41,"column":44}},{"start":{"line":41,"column":48},"end":{"line":41,"column":53}}]},"5":{"line":45,"type":"if","locations":[{"start":{"line":45,"column":8},"end":{"line":45,"column":8}},{"start":{"line":45,"column":8},"end":{"line":45,"column":8}}]}},"code":["/* istanbul instrument in package npmtest_csso */","/*jslint","    bitwise: true,","    browser: true,","    maxerr: 8,","    maxlen: 96,","    node: true,","    nomen: true,","    regexp: true,","    stupid: true","*/","(function () {","    'use strict';","    var local;","","","","    // run shared js-env code - init-before","    (function () {","        // init local","        local = {};","        // init modeJs","        local.modeJs = (function () {","            try {","                return typeof navigator.userAgent === 'string' &&","                    typeof document.querySelector('body') === 'object' &&","                    typeof XMLHttpRequest.prototype.open === 'function' &&","                    'browser';","            } catch (errorCaughtBrowser) {","                return module.exports &&","                    typeof process.versions.node === 'string' &&","                    typeof require('http').createServer === 'function' &&","                    'node';","            }","        }());","        // init global","        local.global = local.modeJs === 'browser'","            ? window","            : global;","        // init utility2_rollup","        local = local.global.utility2_rollup || local;","        // init lib","        local.local = local.npmtest_csso = local;","        // init exports","        if (local.modeJs === 'browser') {","            local.global.utility2_npmtest_csso = local;","        } else {","            module.exports = local;","            module.exports.__dirname = __dirname;","            module.exports.module = module;","        }","    }());","}());",""],"l":{"12":2,"14":2,"19":2,"21":2,"23":2,"24":2,"25":2,"30":1,"37":2,"41":2,"43":2,"45":2,"46":1,"48":1,"49":1,"50":1}},"/home/travis/build/npmtest/node-npmtest-csso/example.js":{"path":"/home/travis/build/npmtest/node-npmtest-csso/example.js","s":{"1":2,"2":2,"3":2,"4":2,"5":2,"6":2,"7":2,"8":1,"9":2,"10":2,"11":2,"12":2,"13":1,"14":2,"15":2,"16":2,"17":2,"18":2,"19":0,"20":2,"21":1,"22":1,"23":1,"24":1,"25":1,"26":0,"27":0,"28":1,"29":1,"30":2,"31":0,"32":0,"33":0,"34":1,"35":2,"36":2,"37":3,"38":3,"39":3,"40":3,"41":0,"42":3,"43":3,"44":3,"45":1,"46":3,"47":1,"48":1,"49":1,"50":1,"51":1,"52":1,"53":1,"54":1,"55":1,"56":1,"57":0,"58":1,"59":6,"60":6,"61":1,"62":2,"63":0,"64":2,"65":1,"66":1,"67":0,"68":0,"69":0,"70":0,"71":0,"72":0,"73":0,"74":0,"75":0,"76":0,"77":0,"78":0,"79":0,"80":0,"81":0,"82":0,"83":0},"b":{"1":[2,1,1,1],"2":[1,1,1,1],"3":[1,1],"4":[2,2],"5":[1,1],"6":[1,1],"7":[2,0],"8":[2,1,1,1,1,1],"9":[0,2,0],"10":[1,1],"11":[2,1,1],"12":[1,0],"13":[0,2],"14":[2,0,0,0,0,0,0],"15":[0,3],"16":[3,0],"17":[1,1],"18":[0,1],"19":[1,2,0,2],"20":[1,0],"21":[1,1],"22":[0,0],"23":[0,0],"24":[0,0],"25":[0,0],"26":[0,0],"27":[0,0],"28":[0,0]},"f":{"1":2,"2":2,"3":2,"4":2,"5":2,"6":2,"7":3,"8":3,"9":3,"10":1,"11":6,"12":0},"fnMap":{"1":{"name":"(anonymous_1)","line":26,"loc":{"start":{"line":26,"column":1},"end":{"line":26,"column":13}}},"2":{"name":"(anonymous_2)","line":33,"loc":{"start":{"line":33,"column":5},"end":{"line":33,"column":17}}},"3":{"name":"(anonymous_3)","line":37,"loc":{"start":{"line":37,"column":24},"end":{"line":37,"column":36}}},"4":{"name":"(anonymous_4)","line":69,"loc":{"start":{"line":69,"column":31},"end":{"line":69,"column":48}},"skip":true},"5":{"name":"(anonymous_5)","line":78,"loc":{"start":{"line":78,"column":26},"end":{"line":78,"column":45}},"skip":true},"6":{"name":"(anonymous_6)","line":123,"loc":{"start":{"line":123,"column":33},"end":{"line":123,"column":48}},"skip":true},"7":{"name":"(anonymous_7)","line":125,"loc":{"start":{"line":125,"column":27},"end":{"line":125,"column":39}},"skip":true},"8":{"name":"(anonymous_8)","line":133,"loc":{"start":{"line":133,"column":59},"end":{"line":133,"column":74}},"skip":true},"9":{"name":"(anonymous_9)","line":143,"loc":{"start":{"line":143,"column":45},"end":{"line":143,"column":62}},"skip":true},"10":{"name":"(anonymous_10)","line":144,"loc":{"start":{"line":144,"column":73},"end":{"line":144,"column":92}},"skip":true},"11":{"name":"(anonymous_11)","line":272,"loc":{"start":{"line":272,"column":51},"end":{"line":272,"column":77}},"skip":true},"12":{"name":"(anonymous_12)","line":315,"loc":{"start":{"line":315,"column":32},"end":{"line":315,"column":61}},"skip":true}},"statementMap":{"1":{"start":{"line":26,"column":0},"end":{"line":326,"column":5}},"2":{"start":{"line":28,"column":4},"end":{"line":28,"column":14}},"3":{"start":{"line":33,"column":4},"end":{"line":60,"column":9}},"4":{"start":{"line":35,"column":8},"end":{"line":35,"column":19}},"5":{"start":{"line":37,"column":8},"end":{"line":49,"column":13}},"6":{"start":{"line":38,"column":12},"end":{"line":48,"column":13}},"7":{"start":{"line":39,"column":16},"end":{"line":42,"column":30}},"8":{"start":{"line":44,"column":16},"end":{"line":47,"column":27}},"9":{"start":{"line":51,"column":8},"end":{"line":53,"column":21}},"10":{"start":{"line":55,"column":8},"end":{"line":57,"column":45}},"11":{"start":{"line":59,"column":8},"end":{"line":59,"column":35}},"12":{"start":{"line":61,"column":4},"end":{"line":325,"column":5}},"13":{"start":{"line":69,"column":8},"end":{"line":121,"column":10},"skip":true},"14":{"start":{"line":70,"column":12},"end":{"line":88,"column":13},"skip":true},"15":{"start":{"line":76,"column":16},"end":{"line":87,"column":19},"skip":true},"16":{"start":{"line":79,"column":20},"end":{"line":86,"column":21},"skip":true},"17":{"start":{"line":82,"column":24},"end":{"line":82,"column":43},"skip":true},"18":{"start":{"line":83,"column":24},"end":{"line":83,"column":30},"skip":true},"19":{"start":{"line":85,"column":24},"end":{"line":85,"column":49},"skip":true},"20":{"start":{"line":89,"column":12},"end":{"line":107,"column":13},"skip":true},"21":{"start":{"line":92,"column":16},"end":{"line":102,"column":17},"skip":true},"22":{"start":{"line":93,"column":20},"end":{"line":93,"column":86},"skip":true},"23":{"start":{"line":94,"column":20},"end":{"line":95,"column":45},"skip":true},"24":{"start":{"line":96,"column":20},"end":{"line":96,"column":42},"skip":true},"25":{"start":{"line":97,"column":20},"end":{"line":97,"column":48},"skip":true},"26":{"start":{"line":100,"column":20},"end":{"line":100,"column":85},"skip":true},"27":{"start":{"line":101,"column":20},"end":{"line":101,"column":96},"skip":true},"28":{"start":{"line":103,"column":16},"end":{"line":103,"column":22},"skip":true},"29":{"start":{"line":106,"column":16},"end":{"line":106,"column":22},"skip":true},"30":{"start":{"line":108,"column":12},"end":{"line":120,"column":13},"skip":true},"31":{"start":{"line":114,"column":16},"end":{"line":119,"column":17},"skip":true},"32":{"start":{"line":116,"column":20},"end":{"line":116,"column":78},"skip":true},"33":{"start":{"line":118,"column":20},"end":{"line":118,"column":47},"skip":true},"34":{"start":{"line":123,"column":8},"end":{"line":141,"column":11},"skip":true},"35":{"start":{"line":124,"column":12},"end":{"line":124,"column":54},"skip":true},"36":{"start":{"line":125,"column":12},"end":{"line":140,"column":14},"skip":true},"37":{"start":{"line":126,"column":16},"end":{"line":126,"column":28},"skip":true},"38":{"start":{"line":127,"column":16},"end":{"line":127,"column":69},"skip":true},"39":{"start":{"line":128,"column":16},"end":{"line":128,"column":75},"skip":true},"40":{"start":{"line":129,"column":16},"end":{"line":131,"column":17},"skip":true},"41":{"start":{"line":130,"column":20},"end":{"line":130,"column":27},"skip":true},"42":{"start":{"line":133,"column":16},"end":{"line":137,"column":36},"skip":true},"43":{"start":{"line":134,"column":20},"end":{"line":136,"column":55},"skip":true},"44":{"start":{"line":139,"column":16},"end":{"line":139,"column":57},"skip":true},"45":{"start":{"line":143,"column":8},"end":{"line":147,"column":11},"skip":true},"46":{"start":{"line":144,"column":12},"end":{"line":146,"column":15},"skip":true},"47":{"start":{"line":145,"column":16},"end":{"line":145,"column":70},"skip":true},"48":{"start":{"line":149,"column":8},"end":{"line":149,"column":31},"skip":true},"49":{"start":{"line":150,"column":8},"end":{"line":150,"column":14},"skip":true},"50":{"start":{"line":158,"column":8},"end":{"line":158,"column":31},"skip":true},"51":{"start":{"line":160,"column":8},"end":{"line":160,"column":33},"skip":true},"52":{"start":{"line":161,"column":8},"end":{"line":161,"column":37},"skip":true},"53":{"start":{"line":162,"column":8},"end":{"line":162,"column":35},"skip":true},"54":{"start":{"line":164,"column":8},"end":{"line":164,"column":50},"skip":true},"55":{"start":{"line":166,"column":8},"end":{"line":256,"column":2},"skip":true},"56":{"start":{"line":258,"column":8},"end":{"line":286,"column":9},"skip":true},"57":{"start":{"line":259,"column":12},"end":{"line":269,"column":14},"skip":true},"58":{"start":{"line":271,"column":12},"end":{"line":285,"column":19},"skip":true},"59":{"start":{"line":274,"column":20},"end":{"line":274,"column":35},"skip":true},"60":{"start":{"line":275,"column":20},"end":{"line":284,"column":21},"skip":true},"61":{"start":{"line":277,"column":24},"end":{"line":277,"column":64},"skip":true},"62":{"start":{"line":279,"column":24},"end":{"line":279,"column":40},"skip":true},"63":{"start":{"line":281,"column":24},"end":{"line":281,"column":40},"skip":true},"64":{"start":{"line":283,"column":24},"end":{"line":283,"column":39},"skip":true},"65":{"start":{"line":288,"column":8},"end":{"line":290,"column":9},"skip":true},"66":{"start":{"line":289,"column":12},"end":{"line":289,"column":18},"skip":true},"67":{"start":{"line":291,"column":8},"end":{"line":293,"column":54},"skip":true},"68":{"start":{"line":296,"column":8},"end":{"line":301,"column":37},"skip":true},"69":{"start":{"line":303,"column":8},"end":{"line":303,"column":82},"skip":true},"70":{"start":{"line":306,"column":8},"end":{"line":308,"column":9},"skip":true},"71":{"start":{"line":307,"column":12},"end":{"line":307,"column":82},"skip":true},"72":{"start":{"line":310,"column":8},"end":{"line":312,"column":9},"skip":true},"73":{"start":{"line":311,"column":12},"end":{"line":311,"column":18},"skip":true},"74":{"start":{"line":313,"column":8},"end":{"line":313,"column":54},"skip":true},"75":{"start":{"line":314,"column":8},"end":{"line":314,"column":69},"skip":true},"76":{"start":{"line":315,"column":8},"end":{"line":323,"column":36},"skip":true},"77":{"start":{"line":316,"column":12},"end":{"line":316,"column":61},"skip":true},"78":{"start":{"line":317,"column":12},"end":{"line":320,"column":13},"skip":true},"79":{"start":{"line":318,"column":16},"end":{"line":318,"column":75},"skip":true},"80":{"start":{"line":319,"column":16},"end":{"line":319,"column":23},"skip":true},"81":{"start":{"line":321,"column":12},"end":{"line":321,"column":38},"skip":true},"82":{"start":{"line":322,"column":12},"end":{"line":322,"column":27},"skip":true},"83":{"start":{"line":324,"column":8},"end":{"line":324,"column":14},"skip":true}},"branchMap":{"1":{"line":39,"type":"binary-expr","locations":[{"start":{"line":39,"column":23},"end":{"line":39,"column":62}},{"start":{"line":40,"column":20},"end":{"line":40,"column":70}},{"start":{"line":41,"column":20},"end":{"line":41,"column":71}},{"start":{"line":42,"column":20},"end":{"line":42,"column":29}}]},"2":{"line":44,"type":"binary-expr","locations":[{"start":{"line":44,"column":23},"end":{"line":44,"column":37}},{"start":{"line":45,"column":20},"end":{"line":45,"column":61}},{"start":{"line":46,"column":20},"end":{"line":46,"column":70}},{"start":{"line":47,"column":20},"end":{"line":47,"column":26}}]},"3":{"line":51,"type":"cond-expr","locations":[{"start":{"line":52,"column":14},"end":{"line":52,"column":20}},{"start":{"line":53,"column":14},"end":{"line":53,"column":20}}]},"4":{"line":55,"type":"binary-expr","locations":[{"start":{"line":55,"column":16},"end":{"line":55,"column":44}},{"start":{"line":55,"column":49},"end":{"line":57,"column":43}}]},"5":{"line":55,"type":"cond-expr","locations":[{"start":{"line":56,"column":14},"end":{"line":56,"column":48}},{"start":{"line":57,"column":14},"end":{"line":57,"column":43}}]},"6":{"line":61,"type":"switch","locations":[{"start":{"line":68,"column":4},"end":{"line":150,"column":14},"skip":true},{"start":{"line":156,"column":4},"end":{"line":324,"column":14},"skip":true}]},"7":{"line":70,"type":"if","locations":[{"start":{"line":70,"column":12},"end":{"line":70,"column":12},"skip":true},{"start":{"line":70,"column":12},"end":{"line":70,"column":12},"skip":true}]},"8":{"line":70,"type":"binary-expr","locations":[{"start":{"line":70,"column":16},"end":{"line":70,"column":22},"skip":true},{"start":{"line":70,"column":27},"end":{"line":70,"column":32},"skip":true},{"start":{"line":71,"column":20},"end":{"line":71,"column":39},"skip":true},{"start":{"line":72,"column":20},"end":{"line":72,"column":49},"skip":true},{"start":{"line":73,"column":20},"end":{"line":73,"column":58},"skip":true},{"start":{"line":74,"column":20},"end":{"line":74,"column":69},"skip":true}]},"9":{"line":79,"type":"switch","locations":[{"start":{"line":80,"column":20},"end":{"line":80,"column":33},"skip":true},{"start":{"line":81,"column":20},"end":{"line":83,"column":30},"skip":true},{"start":{"line":84,"column":20},"end":{"line":85,"column":49},"skip":true}]},"10":{"line":89,"type":"switch","locations":[{"start":{"line":90,"column":12},"end":{"line":103,"column":22},"skip":true},{"start":{"line":105,"column":12},"end":{"line":106,"column":22},"skip":true}]},"11":{"line":89,"type":"binary-expr","locations":[{"start":{"line":89,"column":20},"end":{"line":89,"column":25},"skip":true},{"start":{"line":89,"column":29},"end":{"line":89,"column":48},"skip":true},{"start":{"line":89,"column":52},"end":{"line":89,"column":74},"skip":true}]},"12":{"line":92,"type":"if","locations":[{"start":{"line":92,"column":16},"end":{"line":92,"column":16},"skip":true},{"start":{"line":92,"column":16},"end":{"line":92,"column":16},"skip":true}]},"13":{"line":108,"type":"if","locations":[{"start":{"line":108,"column":12},"end":{"line":108,"column":12},"skip":true},{"start":{"line":108,"column":12},"end":{"line":108,"column":12},"skip":true}]},"14":{"line":108,"type":"binary-expr","locations":[{"start":{"line":108,"column":16},"end":{"line":108,"column":61},"skip":true},{"start":{"line":108,"column":66},"end":{"line":108,"column":72},"skip":true},{"start":{"line":108,"column":77},"end":{"line":108,"column":82},"skip":true},{"start":{"line":109,"column":20},"end":{"line":109,"column":39},"skip":true},{"start":{"line":110,"column":20},"end":{"line":110,"column":49},"skip":true},{"start":{"line":111,"column":20},"end":{"line":111,"column":58},"skip":true},{"start":{"line":112,"column":20},"end":{"line":112,"column":68},"skip":true}]},"15":{"line":129,"type":"if","locations":[{"start":{"line":129,"column":16},"end":{"line":129,"column":16},"skip":true},{"start":{"line":129,"column":16},"end":{"line":129,"column":16},"skip":true}]},"16":{"line":134,"type":"cond-expr","locations":[{"start":{"line":135,"column":26},"end":{"line":135,"column":29},"skip":true},{"start":{"line":136,"column":26},"end":{"line":136,"column":54},"skip":true}]},"17":{"line":164,"type":"binary-expr","locations":[{"start":{"line":164,"column":27},"end":{"line":164,"column":43},"skip":true},{"start":{"line":164,"column":47},"end":{"line":164,"column":49},"skip":true}]},"18":{"line":258,"type":"if","locations":[{"start":{"line":258,"column":8},"end":{"line":258,"column":8},"skip":true},{"start":{"line":258,"column":8},"end":{"line":258,"column":8},"skip":true}]},"19":{"line":275,"type":"switch","locations":[{"start":{"line":276,"column":20},"end":{"line":277,"column":64},"skip":true},{"start":{"line":278,"column":20},"end":{"line":279,"column":40},"skip":true},{"start":{"line":280,"column":20},"end":{"line":281,"column":40},"skip":true},{"start":{"line":282,"column":20},"end":{"line":283,"column":39},"skip":true}]},"20":{"line":288,"type":"if","locations":[{"start":{"line":288,"column":8},"end":{"line":288,"column":8},"skip":true},{"start":{"line":288,"column":8},"end":{"line":288,"column":8},"skip":true}]},"21":{"line":288,"type":"binary-expr","locations":[{"start":{"line":288,"column":12},"end":{"line":288,"column":40},"skip":true},{"start":{"line":288,"column":44},"end":{"line":288,"column":67},"skip":true}]},"22":{"line":292,"type":"binary-expr","locations":[{"start":{"line":292,"column":12},"end":{"line":292,"column":50},"skip":true},{"start":{"line":293,"column":12},"end":{"line":293,"column":53},"skip":true}]},"23":{"line":297,"type":"binary-expr","locations":[{"start":{"line":297,"column":12},"end":{"line":297,"column":62},"skip":true},{"start":{"line":298,"column":12},"end":{"line":301,"column":36},"skip":true}]},"24":{"line":303,"type":"binary-expr","locations":[{"start":{"line":303,"column":43},"end":{"line":303,"column":75},"skip":true},{"start":{"line":303,"column":79},"end":{"line":303,"column":81},"skip":true}]},"25":{"line":306,"type":"if","locations":[{"start":{"line":306,"column":8},"end":{"line":306,"column":8},"skip":true},{"start":{"line":306,"column":8},"end":{"line":306,"column":8},"skip":true}]},"26":{"line":310,"type":"if","locations":[{"start":{"line":310,"column":8},"end":{"line":310,"column":8},"skip":true},{"start":{"line":310,"column":8},"end":{"line":310,"column":8},"skip":true}]},"27":{"line":313,"type":"binary-expr","locations":[{"start":{"line":313,"column":27},"end":{"line":313,"column":43},"skip":true},{"start":{"line":313,"column":47},"end":{"line":313,"column":53},"skip":true}]},"28":{"line":317,"type":"if","locations":[{"start":{"line":317,"column":12},"end":{"line":317,"column":12},"skip":true},{"start":{"line":317,"column":12},"end":{"line":317,"column":12},"skip":true}]}},"code":["/*","example.js","","quickstart example","","instruction","    1. save this script as example.js","    2. run the shell command:","        $ npm install npmtest-csso && PORT=8081 node example.js","    3. play with the browser-demo on http://127.0.0.1:8081","*/","","","","/* istanbul instrument in package npmtest_csso */","/*jslint","    bitwise: true,","    browser: true,","    maxerr: 8,","    maxlen: 96,","    node: true,","    nomen: true,","    regexp: true,","    stupid: true","*/","(function () {","    'use strict';","    var local;","","","","    // run shared js-env code - init-before","    (function () {","        // init local","        local = {};","        // init modeJs","        local.modeJs = (function () {","            try {","                return typeof navigator.userAgent === 'string' &&","                    typeof document.querySelector('body') === 'object' &&","                    typeof XMLHttpRequest.prototype.open === 'function' &&","                    'browser';","            } catch (errorCaughtBrowser) {","                return module.exports &&","                    typeof process.versions.node === 'string' &&","                    typeof require('http').createServer === 'function' &&","                    'node';","            }","        }());","        // init global","        local.global = local.modeJs === 'browser'","            ? window","            : global;","        // init utility2_rollup","        local = local.global.utility2_rollup || (local.modeJs === 'browser'","            ? local.global.utility2_npmtest_csso","            : global.utility2_moduleExports);","        // export local","        local.global.local = local;","    }());","    switch (local.modeJs) {","","","","    // init-after","    // run browser js-env code - init-after","    /* istanbul ignore next */","    case 'browser':","        local.testRunBrowser = function (event) {","            if (!event || (event &&","                    event.currentTarget &&","                    event.currentTarget.className &&","                    event.currentTarget.className.includes &&","                    event.currentTarget.className.includes('onreset'))) {","                // reset output","                Array.from(","                    document.querySelectorAll('body > .resettable')","                ).forEach(function (element) {","                    switch (element.tagName) {","                    case 'INPUT':","                    case 'TEXTAREA':","                        element.value = '';","                        break;","                    default:","                        element.textContent = '';","                    }","                });","            }","            switch (event && event.currentTarget && event.currentTarget.id) {","            case 'testRunButton1':","                // show tests","                if (document.querySelector('#testReportDiv1').style.display === 'none') {","                    document.querySelector('#testReportDiv1').style.display = 'block';","                    document.querySelector('#testRunButton1').textContent =","                        'hide internal test';","                    local.modeTest = true;","                    local.testRunDefault(local);","                // hide tests","                } else {","                    document.querySelector('#testReportDiv1').style.display = 'none';","                    document.querySelector('#testRunButton1').textContent = 'run internal test';","                }","                break;","            // custom-case","            default:","                break;","            }","            if (document.querySelector('#inputTextareaEval1') && (!event || (event &&","                    event.currentTarget &&","                    event.currentTarget.className &&","                    event.currentTarget.className.includes &&","                    event.currentTarget.className.includes('oneval')))) {","                // try to eval input-code","                try {","                    /*jslint evil: true*/","                    eval(document.querySelector('#inputTextareaEval1').value);","                } catch (errorCaught) {","                    console.error(errorCaught);","                }","            }","        };","        // log stderr and stdout to #outputTextareaStdout1","        ['error', 'log'].forEach(function (key) {","            console[key + '_original'] = console[key];","            console[key] = function () {","                var element;","                console[key + '_original'].apply(console, arguments);","                element = document.querySelector('#outputTextareaStdout1');","                if (!element) {","                    return;","                }","                // append text to #outputTextareaStdout1","                element.value += Array.from(arguments).map(function (arg) {","                    return typeof arg === 'string'","                        ? arg","                        : JSON.stringify(arg, null, 4);","                }).join(' ') + '\\n';","                // scroll textarea to bottom","                element.scrollTop = element.scrollHeight;","            };","        });","        // init event-handling","        ['change', 'click', 'keyup'].forEach(function (event) {","            Array.from(document.querySelectorAll('.on' + event)).forEach(function (element) {","                element.addEventListener(event, local.testRunBrowser);","            });","        });","        // run tests","        local.testRunBrowser();","        break;","","","","    // run node js-env code - init-after","    /* istanbul ignore next */","    case 'node':","        // export local","        module.exports = local;","        // require modules","        local.fs = require('fs');","        local.http = require('http');","        local.url = require('url');","        // init assets","        local.assetsDict = local.assetsDict || {};","        /* jslint-ignore-begin */","        local.assetsDict['/assets.index.template.html'] = '\\","<!doctype html>\\n\\","<html lang=\"en\">\\n\\","<head>\\n\\","<meta charset=\"UTF-8\">\\n\\","<meta name=\"viewport\" content=\"width=device-width, initial-scale=1\">\\n\\","<title>{{env.npm_package_name}} (v{{env.npm_package_version}})</title>\\n\\","<style>\\n\\","/*csslint\\n\\","    box-sizing: false,\\n\\","    universal-selector: false\\n\\","*/\\n\\","* {\\n\\","    box-sizing: border-box;\\n\\","}\\n\\","body {\\n\\","    background: #dde;\\n\\","    font-family: Arial, Helvetica, sans-serif;\\n\\","    margin: 2rem;\\n\\","}\\n\\","body > * {\\n\\","    margin-bottom: 1rem;\\n\\","}\\n\\",".utility2FooterDiv {\\n\\","    margin-top: 20px;\\n\\","    text-align: center;\\n\\","}\\n\\","</style>\\n\\","<style>\\n\\","/*csslint\\n\\","*/\\n\\","textarea {\\n\\","    font-family: monospace;\\n\\","    height: 10rem;\\n\\","    width: 100%;\\n\\","}\\n\\","textarea[readonly] {\\n\\","    background: #ddd;\\n\\","}\\n\\","</style>\\n\\","</head>\\n\\","<body>\\n\\","<!-- utility2-comment\\n\\","<div id=\"ajaxProgressDiv1\" style=\"background: #d00; height: 2px; left: 0; margin: 0; padding: 0; position: fixed; top: 0; transition: background 0.5s, width 1.5s; width: 25%;\"></div>\\n\\","utility2-comment -->\\n\\","<h1>\\n\\","<!-- utility2-comment\\n\\","    <a\\n\\","        {{#if env.npm_package_homepage}}\\n\\","        href=\"{{env.npm_package_homepage}}\"\\n\\","        {{/if env.npm_package_homepage}}\\n\\","        target=\"_blank\"\\n\\","    >\\n\\","utility2-comment -->\\n\\","        {{env.npm_package_name}} (v{{env.npm_package_version}})\\n\\","<!-- utility2-comment\\n\\","    </a>\\n\\","utility2-comment -->\\n\\","</h1>\\n\\","<h3>{{env.npm_package_description}}</h3>\\n\\","<!-- utility2-comment\\n\\","<h4><a download href=\"assets.app.js\">download standalone app</a></h4>\\n\\","<button class=\"onclick onreset\" id=\"testRunButton1\">run internal test</button><br>\\n\\","<div id=\"testReportDiv1\" style=\"display: none;\"></div>\\n\\","utility2-comment -->\\n\\","\\n\\","\\n\\","\\n\\","<label>stderr and stdout</label>\\n\\","<textarea class=\"resettable\" id=\"outputTextareaStdout1\" readonly></textarea>\\n\\","<!-- utility2-comment\\n\\","{{#if isRollup}}\\n\\","<script src=\"assets.app.js\"></script>\\n\\","{{#unless isRollup}}\\n\\","utility2-comment -->\\n\\","<script src=\"assets.utility2.rollup.js\"></script>\\n\\","<script src=\"jsonp.utility2._stateInit?callback=window.utility2._stateInit\"></script>\\n\\","<script src=\"assets.npmtest_csso.rollup.js\"></script>\\n\\","<script src=\"assets.example.js\"></script>\\n\\","<script src=\"assets.test.js\"></script>\\n\\","<!-- utility2-comment\\n\\","{{/if isRollup}}\\n\\","utility2-comment -->\\n\\","<div class=\"utility2FooterDiv\">\\n\\","    [ this app was created with\\n\\","    <a href=\"https://github.com/kaizhu256/node-utility2\" target=\"_blank\">utility2</a>\\n\\","    ]\\n\\","</div>\\n\\","</body>\\n\\","</html>\\n\\","';","        /* jslint-ignore-end */","        if (local.templateRender) {","            local.assetsDict['/'] = local.templateRender(","                local.assetsDict['/assets.index.template.html'],","                {","                    env: local.objectSetDefault(local.env, {","                        npm_package_description: 'the greatest app in the world!',","                        npm_package_name: 'my-app',","                        npm_package_nameAlias: 'my_app',","                        npm_package_version: '0.0.1'","                    })","                }","            );","        } else {","            local.assetsDict['/'] = local.assetsDict['/assets.index.template.html']","                .replace((/\\{\\{env\\.(\\w+?)\\}\\}/g), function (match0, match1) {","                    // jslint-hack","                    String(match0);","                    switch (match1) {","                    case 'npm_package_description':","                        return 'the greatest app in the world!';","                    case 'npm_package_name':","                        return 'my-app';","                    case 'npm_package_nameAlias':","                        return 'my_app';","                    case 'npm_package_version':","                        return '0.0.1';","                    }","                });","        }","        // run the cli","        if (local.global.utility2_rollup || module !== require.main) {","            break;","        }","        local.assetsDict['/assets.example.js'] =","            local.assetsDict['/assets.example.js'] ||","            local.fs.readFileSync(__filename, 'utf8');","        // bug-workaround - long $npm_package_buildCustomOrg","        /* jslint-ignore-begin */","        local.assetsDict['/assets.npmtest_csso.rollup.js'] =","            local.assetsDict['/assets.npmtest_csso.rollup.js'] ||","            local.fs.readFileSync(","                local.npmtest_csso.__dirname + '/lib.npmtest_csso.js',","                'utf8'","            ).replace((/^#!/), '//');","        /* jslint-ignore-end */","        local.assetsDict['/favicon.ico'] = local.assetsDict['/favicon.ico'] || '';","        // if $npm_config_timeout_exit exists,","        // then exit this process after $npm_config_timeout_exit ms","        if (Number(process.env.npm_config_timeout_exit)) {","            setTimeout(process.exit, Number(process.env.npm_config_timeout_exit));","        }","        // start server","        if (local.global.utility2_serverHttp1) {","            break;","        }","        process.env.PORT = process.env.PORT || '8081';","        console.error('server starting on port ' + process.env.PORT);","        local.http.createServer(function (request, response) {","            request.urlParsed = local.url.parse(request.url);","            if (local.assetsDict[request.urlParsed.pathname] !== undefined) {","                response.end(local.assetsDict[request.urlParsed.pathname]);","                return;","            }","            response.statusCode = 404;","            response.end();","        }).listen(process.env.PORT);","        break;","    }","}());",""],"l":{"26":2,"28":2,"33":2,"35":2,"37":2,"38":2,"39":2,"44":1,"51":2,"55":2,"59":2,"61":2,"69":1,"70":2,"76":2,"79":2,"82":2,"83":2,"85":1,"89":2,"92":1,"93":1,"94":1,"96":1,"97":1,"100":1,"101":1,"103":1,"106":1,"108":2,"114":1,"116":1,"118":1,"123":1,"124":2,"125":2,"126":3,"127":3,"128":3,"129":3,"130":1,"133":3,"134":3,"139":3,"143":1,"144":3,"145":1,"149":1,"150":1,"158":1,"160":1,"161":1,"162":1,"164":1,"166":1,"258":1,"259":1,"271":1,"274":6,"275":6,"277":1,"279":2,"281":1,"283":2,"288":1,"289":1,"291":1,"296":1,"303":1,"306":1,"307":1,"310":1,"311":1,"313":1,"314":1,"315":1,"316":1,"317":1,"318":1,"319":1,"321":1,"322":1,"324":1}},"/home/travis/build/npmtest/node-npmtest-csso/node_modules/csso/lib/index.js":{"path":"/home/travis/build/npmtest/node-npmtest-csso/node_modules/csso/lib/index.js","s":{"1":1,"2":1,"3":1,"4":1,"5":1,"6":1,"7":0,"8":0,"9":0,"10":1,"11":0,"12":0,"13":0,"14":0,"15":0,"16":0,"17":0,"18":0,"19":0,"20":0,"21":0,"22":0,"23":1,"24":0,"25":0,"26":0,"27":0,"28":1,"29":0,"30":0,"31":0,"32":0,"33":1,"34":0,"35":0,"36":0,"37":0,"38":1,"39":0,"40":0,"41":0,"42":0,"43":0,"44":0,"45":0,"46":0,"47":0,"48":0,"49":0,"50":0,"51":0,"52":0,"53":0,"54":0,"55":0,"56":1,"57":0,"58":1,"59":0,"60":1},"b":{"1":[0,0],"2":[0,0],"3":[0,0],"4":[0,0],"5":[0,0],"6":[0,0],"7":[0,0],"8":[0,0],"9":[0,0],"10":[0,0],"11":[0,0],"12":[0,0],"13":[0,0],"14":[0,0]},"f":{"1":0,"2":0,"3":0,"4":0,"5":0,"6":0,"7":0,"8":0,"9":0,"10":0,"11":0},"fnMap":{"1":{"name":"debugOutput","line":7,"loc":{"start":{"line":7,"column":0},"end":{"line":7,"column":53}}},"2":{"name":"createDefaultLogger","line":15,"loc":{"start":{"line":15,"column":0},"end":{"line":15,"column":36}}},"3":{"name":"logger","line":18,"loc":{"start":{"line":18,"column":11},"end":{"line":18,"column":39}}},"4":{"name":"copy","line":41,"loc":{"start":{"line":41,"column":0},"end":{"line":41,"column":19}}},"5":{"name":"buildCompressOptions","line":51,"loc":{"start":{"line":51,"column":0},"end":{"line":51,"column":39}}},"6":{"name":"runHandler","line":61,"loc":{"start":{"line":61,"column":0},"end":{"line":61,"column":44}}},"7":{"name":"(anonymous_7)","line":66,"loc":{"start":{"line":66,"column":21},"end":{"line":66,"column":34}}},"8":{"name":"minify","line":71,"loc":{"start":{"line":71,"column":0},"end":{"line":71,"column":42}}},"9":{"name":"(anonymous_9)","line":107,"loc":{"start":{"line":107,"column":77},"end":{"line":107,"column":88}}},"10":{"name":"minifyStylesheet","line":123,"loc":{"start":{"line":123,"column":0},"end":{"line":123,"column":43}}},"11":{"name":"minifyBlock","line":127,"loc":{"start":{"line":127,"column":0},"end":{"line":127,"column":38}}}},"statementMap":{"1":{"start":{"line":1,"column":0},"end":{"line":1,"column":34}},"2":{"start":{"line":2,"column":0},"end":{"line":2,"column":26}},"3":{"start":{"line":3,"column":0},"end":{"line":3,"column":37}},"4":{"start":{"line":4,"column":0},"end":{"line":4,"column":34}},"5":{"start":{"line":5,"column":0},"end":{"line":5,"column":60}},"6":{"start":{"line":7,"column":0},"end":{"line":13,"column":1}},"7":{"start":{"line":8,"column":4},"end":{"line":10,"column":5}},"8":{"start":{"line":9,"column":8},"end":{"line":9,"column":81}},"9":{"start":{"line":12,"column":4},"end":{"line":12,"column":16}},"10":{"start":{"line":15,"column":0},"end":{"line":39,"column":1}},"11":{"start":{"line":16,"column":4},"end":{"line":16,"column":18}},"12":{"start":{"line":18,"column":4},"end":{"line":38,"column":6}},"13":{"start":{"line":19,"column":8},"end":{"line":19,"column":25}},"14":{"start":{"line":21,"column":8},"end":{"line":23,"column":9}},"15":{"start":{"line":22,"column":12},"end":{"line":22,"column":85}},"16":{"start":{"line":25,"column":8},"end":{"line":34,"column":9}},"17":{"start":{"line":26,"column":12},"end":{"line":26,"column":43}},"18":{"start":{"line":29,"column":12},"end":{"line":31,"column":13}},"19":{"start":{"line":30,"column":16},"end":{"line":30,"column":49}},"20":{"start":{"line":33,"column":12},"end":{"line":33,"column":40}},"21":{"start":{"line":36,"column":8},"end":{"line":36,"column":28}},"22":{"start":{"line":37,"column":8},"end":{"line":37,"column":31}},"23":{"start":{"line":41,"column":0},"end":{"line":49,"column":1}},"24":{"start":{"line":42,"column":4},"end":{"line":42,"column":20}},"25":{"start":{"line":44,"column":4},"end":{"line":46,"column":5}},"26":{"start":{"line":45,"column":8},"end":{"line":45,"column":31}},"27":{"start":{"line":48,"column":4},"end":{"line":48,"column":18}},"28":{"start":{"line":51,"column":0},"end":{"line":59,"column":1}},"29":{"start":{"line":52,"column":4},"end":{"line":52,"column":28}},"30":{"start":{"line":54,"column":4},"end":{"line":56,"column":5}},"31":{"start":{"line":55,"column":8},"end":{"line":55,"column":60}},"32":{"start":{"line":58,"column":4},"end":{"line":58,"column":19}},"33":{"start":{"line":61,"column":0},"end":{"line":69,"column":1}},"34":{"start":{"line":62,"column":4},"end":{"line":64,"column":5}},"35":{"start":{"line":63,"column":8},"end":{"line":63,"column":30}},"36":{"start":{"line":66,"column":4},"end":{"line":68,"column":7}},"37":{"start":{"line":67,"column":8},"end":{"line":67,"column":25}},"38":{"start":{"line":71,"column":0},"end":{"line":121,"column":1}},"39":{"start":{"line":72,"column":4},"end":{"line":72,"column":28}},"40":{"start":{"line":74,"column":4},"end":{"line":74,"column":51}},"41":{"start":{"line":75,"column":4},"end":{"line":75,"column":15}},"42":{"start":{"line":78,"column":4},"end":{"line":84,"column":6}},"43":{"start":{"line":87,"column":4},"end":{"line":91,"column":5}},"44":{"start":{"line":88,"column":8},"end":{"line":90,"column":10}},"45":{"start":{"line":94,"column":4},"end":{"line":96,"column":6}},"46":{"start":{"line":99,"column":4},"end":{"line":103,"column":5}},"47":{"start":{"line":100,"column":8},"end":{"line":102,"column":10}},"48":{"start":{"line":106,"column":4},"end":{"line":118,"column":5}},"49":{"start":{"line":107,"column":8},"end":{"line":112,"column":14}},"50":{"start":{"line":108,"column":12},"end":{"line":108,"column":65}},"51":{"start":{"line":109,"column":12},"end":{"line":109,"column":37}},"52":{"start":{"line":110,"column":12},"end":{"line":110,"column":55}},"53":{"start":{"line":111,"column":12},"end":{"line":111,"column":23}},"54":{"start":{"line":114,"column":8},"end":{"line":117,"column":11}},"55":{"start":{"line":120,"column":4},"end":{"line":120,"column":18}},"56":{"start":{"line":123,"column":0},"end":{"line":125,"column":1}},"57":{"start":{"line":124,"column":4},"end":{"line":124,"column":49}},"58":{"start":{"line":127,"column":0},"end":{"line":129,"column":1}},"59":{"start":{"line":128,"column":4},"end":{"line":128,"column":54}},"60":{"start":{"line":131,"column":0},"end":{"line":143,"column":2}}},"branchMap":{"1":{"line":8,"type":"if","locations":[{"start":{"line":8,"column":4},"end":{"line":8,"column":4}},{"start":{"line":8,"column":4},"end":{"line":8,"column":4}}]},"2":{"line":21,"type":"if","locations":[{"start":{"line":21,"column":8},"end":{"line":21,"column":8}},{"start":{"line":21,"column":8},"end":{"line":21,"column":8}}]},"3":{"line":25,"type":"if","locations":[{"start":{"line":25,"column":8},"end":{"line":25,"column":8}},{"start":{"line":25,"column":8},"end":{"line":25,"column":8}}]},"4":{"line":25,"type":"binary-expr","locations":[{"start":{"line":25,"column":12},"end":{"line":25,"column":21}},{"start":{"line":25,"column":25},"end":{"line":25,"column":28}}]},"5":{"line":29,"type":"if","locations":[{"start":{"line":29,"column":12},"end":{"line":29,"column":12}},{"start":{"line":29,"column":12},"end":{"line":29,"column":12}}]},"6":{"line":29,"type":"binary-expr","locations":[{"start":{"line":29,"column":16},"end":{"line":29,"column":27}},{"start":{"line":29,"column":31},"end":{"line":29,"column":47}}]},"7":{"line":54,"type":"if","locations":[{"start":{"line":54,"column":4},"end":{"line":54,"column":4}},{"start":{"line":54,"column":4},"end":{"line":54,"column":4}}]},"8":{"line":54,"type":"binary-expr","locations":[{"start":{"line":54,"column":8},"end":{"line":54,"column":44}},{"start":{"line":54,"column":48},"end":{"line":54,"column":61}}]},"9":{"line":62,"type":"if","locations":[{"start":{"line":62,"column":4},"end":{"line":62,"column":4}},{"start":{"line":62,"column":4},"end":{"line":62,"column":4}}]},"10":{"line":72,"type":"binary-expr","locations":[{"start":{"line":72,"column":14},"end":{"line":72,"column":21}},{"start":{"line":72,"column":25},"end":{"line":72,"column":27}}]},"11":{"line":74,"type":"binary-expr","locations":[{"start":{"line":74,"column":19},"end":{"line":74,"column":35}},{"start":{"line":74,"column":39},"end":{"line":74,"column":50}}]},"12":{"line":87,"type":"if","locations":[{"start":{"line":87,"column":4},"end":{"line":87,"column":4}},{"start":{"line":87,"column":4},"end":{"line":87,"column":4}}]},"13":{"line":99,"type":"if","locations":[{"start":{"line":99,"column":4},"end":{"line":99,"column":4}},{"start":{"line":99,"column":4},"end":{"line":99,"column":4}}]},"14":{"line":106,"type":"if","locations":[{"start":{"line":106,"column":4},"end":{"line":106,"column":4}},{"start":{"line":106,"column":4},"end":{"line":106,"column":4}}]}},"code":["var csstree = require('css-tree');","var parse = csstree.parse;","var compress = require('./compress');","var translate = csstree.translate;","var translateWithSourceMap = csstree.translateWithSourceMap;","","function debugOutput(name, options, startTime, data) {","    if (options.debug) {","        console.error('## ' + name + ' done in %d ms\\n', Date.now() - startTime);","    }","","    return data;","}","","function createDefaultLogger(level) {","    var lastDebug;","","    return function logger(title, ast) {","        var line = title;","","        if (ast) {","            line = '[' + ((Date.now() - lastDebug) / 1000).toFixed(3) + 's] ' + line;","        }","","        if (level > 1 && ast) {","            var css = translate(ast, true);","","            // when level 2, limit css to 256 symbols","            if (level === 2 && css.length > 256) {","                css = css.substr(0, 256) + '...';","            }","","            line += '\\n  ' + css + '\\n';","        }","","        console.error(line);","        lastDebug = Date.now();","    };","}","","function copy(obj) {","    var result = {};","","    for (var key in obj) {","        result[key] = obj[key];","    }","","    return result;","}","","function buildCompressOptions(options) {","    options = copy(options);","","    if (typeof options.logger !== 'function' && options.debug) {","        options.logger = createDefaultLogger(options.debug);","    }","","    return options;","}","","function runHandler(ast, options, handlers) {","    if (!Array.isArray(handlers)) {","        handlers = [handlers];","    }","","    handlers.forEach(function(fn) {","        fn(ast, options);","    });","}","","function minify(context, source, options) {","    options = options || {};","","    var filename = options.filename || '<unknown>';","    var result;","","    // parse","    var ast = debugOutput('parsing', options, Date.now(),","        parse(source, {","            context: context,","            filename: filename,","            positions: Boolean(options.sourceMap)","        })","    );","","    // before compress handlers","    if (options.beforeCompress) {","        debugOutput('beforeCompress', options, Date.now(),","            runHandler(ast, options, options.beforeCompress)","        );","    }","","    // compress","    var compressResult = debugOutput('compress', options, Date.now(),","        compress(ast, buildCompressOptions(options))","    );","","    // after compress handlers","    if (options.afterCompress) {","        debugOutput('afterCompress', options, Date.now(),","            runHandler(compressResult, options, options.afterCompress)","        );","    }","","    // translate","    if (options.sourceMap) {","        result = debugOutput('translateWithSourceMap', options, Date.now(), (function() {","            var tmp = translateWithSourceMap(compressResult.ast);","            tmp.map._file = filename; // since other tools can relay on file in source map transform chain","            tmp.map.setSourceContent(filename, source);","            return tmp;","        })());","    } else {","        result = debugOutput('translate', options, Date.now(), {","            css: translate(compressResult.ast),","            map: null","        });","    }","","    return result;","}","","function minifyStylesheet(source, options) {","    return minify('stylesheet', source, options);","};","","function minifyBlock(source, options) {","    return minify('declarationList', source, options);","}","","module.exports = {","    version: require('../package.json').version,","","    // main methods","    minify: minifyStylesheet,","    minifyBlock: minifyBlock,","","    // compress an AST","    compress: compress,","","    // css syntax parser/walkers/generator/etc","    syntax: csstree","};",""],"l":{"1":1,"2":1,"3":1,"4":1,"5":1,"7":1,"8":0,"9":0,"12":0,"15":1,"16":0,"18":0,"19":0,"21":0,"22":0,"25":0,"26":0,"29":0,"30":0,"33":0,"36":0,"37":0,"41":1,"42":0,"44":0,"45":0,"48":0,"51":1,"52":0,"54":0,"55":0,"58":0,"61":1,"62":0,"63":0,"66":0,"67":0,"71":1,"72":0,"74":0,"75":0,"78":0,"87":0,"88":0,"94":0,"99":0,"100":0,"106":0,"107":0,"108":0,"109":0,"110":0,"111":0,"114":0,"120":0,"123":1,"124":0,"127":1,"128":0,"131":1}},"/home/travis/build/npmtest/node-npmtest-csso/node_modules/csso/lib/compress.js":{"path":"/home/travis/build/npmtest/node-npmtest-csso/node_modules/csso/lib/compress.js","s":{"1":1,"2":1,"3":1,"4":1,"5":1,"6":1,"7":1,"8":1,"9":0,"10":0,"11":0,"12":0,"13":0,"14":0,"15":0,"16":0,"17":0,"18":0,"19":0,"20":0,"21":0,"22":0,"23":0,"24":0,"25":0,"26":1,"27":0,"28":0,"29":0,"30":0,"31":0,"32":0,"33":0,"34":0,"35":0,"36":0,"37":0,"38":0,"39":0,"40":0,"41":1,"42":0,"43":0,"44":0,"45":0,"46":0,"47":0,"48":1,"49":0,"50":1,"51":0,"52":1,"53":0,"54":0,"55":0,"56":0,"57":0,"58":0,"59":0,"60":0,"61":0,"62":0,"63":0,"64":0,"65":0,"66":0,"67":0,"68":0,"69":0,"70":0,"71":0,"72":0,"73":0,"74":0,"75":0,"76":0,"77":0,"78":0,"79":0,"80":0,"81":0,"82":0,"83":0,"84":0,"85":0,"86":0,"87":0,"88":0,"89":0,"90":0,"91":0,"92":0},"b":{"1":[0,0],"2":[0,0],"3":[0,0],"4":[0,0],"5":[0,0],"6":[0,0],"7":[0,0],"8":[0,0],"9":[0,0],"10":[0,0],"11":[0,0],"12":[0,0],"13":[0,0],"14":[0,0],"15":[0,0],"16":[0,0],"17":[0,0],"18":[0,0],"19":[0,0],"20":[0,0],"21":[0,0],"22":[0,0],"23":[0,0],"24":[0,0],"25":[0,0],"26":[0,0],"27":[0,0],"28":[0,0],"29":[0,0],"30":[0,0,0],"31":[0,0]},"f":{"1":0,"2":0,"3":0,"4":0,"5":0,"6":0,"7":0,"8":0,"9":0},"fnMap":{"1":{"name":"readChunk","line":9,"loc":{"start":{"line":9,"column":0},"end":{"line":9,"column":46}}},"2":{"name":"(anonymous_2)","line":14,"loc":{"start":{"line":14,"column":38},"end":{"line":14,"column":65}}},"3":{"name":"compressChunk","line":47,"loc":{"start":{"line":47,"column":0},"end":{"line":47,"column":73}}},"4":{"name":"markScopes","line":57,"loc":{"start":{"line":57,"column":19},"end":{"line":57,"column":45}}},"5":{"name":"getCommentsOption","line":75,"loc":{"start":{"line":75,"column":0},"end":{"line":75,"column":36}}},"6":{"name":"getRestructureOption","line":87,"loc":{"start":{"line":87,"column":0},"end":{"line":87,"column":39}}},"7":{"name":"wrapBlock","line":93,"loc":{"start":{"line":93,"column":0},"end":{"line":93,"column":26}}},"8":{"name":"compress","line":110,"loc":{"start":{"line":110,"column":17},"end":{"line":110,"column":49}}},"9":{"name":"(anonymous_9)","line":114,"loc":{"start":{"line":114,"column":73},"end":{"line":114,"column":84}}}},"statementMap":{"1":{"start":{"line":1,"column":0},"end":{"line":1,"column":36}},"2":{"start":{"line":2,"column":0},"end":{"line":2,"column":38}},"3":{"start":{"line":3,"column":0},"end":{"line":3,"column":36}},"4":{"start":{"line":4,"column":0},"end":{"line":4,"column":31}},"5":{"start":{"line":5,"column":0},"end":{"line":5,"column":35}},"6":{"start":{"line":6,"column":0},"end":{"line":6,"column":48}},"7":{"start":{"line":7,"column":0},"end":{"line":7,"column":46}},"8":{"start":{"line":9,"column":0},"end":{"line":45,"column":1}},"9":{"start":{"line":10,"column":4},"end":{"line":10,"column":28}},"10":{"start":{"line":11,"column":4},"end":{"line":11,"column":38}},"11":{"start":{"line":12,"column":4},"end":{"line":12,"column":25}},"12":{"start":{"line":14,"column":4},"end":{"line":35,"column":7}},"13":{"start":{"line":15,"column":8},"end":{"line":28,"column":9}},"14":{"start":{"line":16,"column":12},"end":{"line":19,"column":13}},"15":{"start":{"line":17,"column":16},"end":{"line":17,"column":34}},"16":{"start":{"line":18,"column":16},"end":{"line":18,"column":23}},"17":{"start":{"line":21,"column":12},"end":{"line":23,"column":13}},"18":{"start":{"line":22,"column":16},"end":{"line":22,"column":28}},"19":{"start":{"line":25,"column":12},"end":{"line":25,"column":30}},"20":{"start":{"line":26,"column":12},"end":{"line":26,"column":36}},"21":{"start":{"line":27,"column":12},"end":{"line":27,"column":19}},"22":{"start":{"line":30,"column":8},"end":{"line":32,"column":9}},"23":{"start":{"line":31,"column":12},"end":{"line":31,"column":41}},"24":{"start":{"line":34,"column":8},"end":{"line":34,"column":41}},"25":{"start":{"line":37,"column":4},"end":{"line":44,"column":6}},"26":{"start":{"line":47,"column":0},"end":{"line":73,"column":1}},"27":{"start":{"line":48,"column":4},"end":{"line":48,"column":49}},"28":{"start":{"line":50,"column":4},"end":{"line":50,"column":17}},"29":{"start":{"line":52,"column":4},"end":{"line":55,"column":5}},"30":{"start":{"line":53,"column":8},"end":{"line":53,"column":54}},"31":{"start":{"line":54,"column":8},"end":{"line":54,"column":24}},"32":{"start":{"line":57,"column":4},"end":{"line":61,"column":7}},"33":{"start":{"line":58,"column":8},"end":{"line":60,"column":9}},"34":{"start":{"line":59,"column":12},"end":{"line":59,"column":35}},"35":{"start":{"line":62,"column":4},"end":{"line":62,"column":24}},"36":{"start":{"line":65,"column":4},"end":{"line":65,"column":26}},"37":{"start":{"line":66,"column":4},"end":{"line":66,"column":25}},"38":{"start":{"line":69,"column":4},"end":{"line":69,"column":28}},"39":{"start":{"line":70,"column":4},"end":{"line":70,"column":27}},"40":{"start":{"line":72,"column":4},"end":{"line":72,"column":15}},"41":{"start":{"line":75,"column":0},"end":{"line":85,"column":1}},"42":{"start":{"line":76,"column":4},"end":{"line":76,"column":76}},"43":{"start":{"line":78,"column":4},"end":{"line":82,"column":5}},"44":{"start":{"line":79,"column":8},"end":{"line":79,"column":52}},"45":{"start":{"line":80,"column":11},"end":{"line":82,"column":5}},"46":{"start":{"line":81,"column":8},"end":{"line":81,"column":25}},"47":{"start":{"line":84,"column":4},"end":{"line":84,"column":20}},"48":{"start":{"line":87,"column":0},"end":{"line":91,"column":1}},"49":{"start":{"line":88,"column":4},"end":{"line":90,"column":16}},"50":{"start":{"line":93,"column":0},"end":{"line":108,"column":1}},"51":{"start":{"line":94,"column":4},"end":{"line":107,"column":7}},"52":{"start":{"line":110,"column":0},"end":{"line":191,"column":2}},"53":{"start":{"line":111,"column":4},"end":{"line":111,"column":73}},"54":{"start":{"line":112,"column":4},"end":{"line":112,"column":28}},"55":{"start":{"line":114,"column":4},"end":{"line":114,"column":87}},"56":{"start":{"line":115,"column":4},"end":{"line":115,"column":53}},"57":{"start":{"line":116,"column":4},"end":{"line":116,"column":54}},"58":{"start":{"line":117,"column":4},"end":{"line":117,"column":35}},"59":{"start":{"line":118,"column":4},"end":{"line":118,"column":26}},"60":{"start":{"line":119,"column":4},"end":{"line":119,"column":19}},"61":{"start":{"line":120,"column":4},"end":{"line":120,"column":33}},"62":{"start":{"line":121,"column":4},"end":{"line":121,"column":14}},"63":{"start":{"line":122,"column":4},"end":{"line":122,"column":21}},"64":{"start":{"line":123,"column":4},"end":{"line":123,"column":19}},"65":{"start":{"line":125,"column":4},"end":{"line":127,"column":5}},"66":{"start":{"line":126,"column":8},"end":{"line":126,"column":25}},"67":{"start":{"line":129,"column":4},"end":{"line":134,"column":5}},"68":{"start":{"line":130,"column":8},"end":{"line":130,"column":34}},"69":{"start":{"line":131,"column":8},"end":{"line":131,"column":35}},"70":{"start":{"line":133,"column":8},"end":{"line":133,"column":36}},"71":{"start":{"line":136,"column":4},"end":{"line":138,"column":5}},"72":{"start":{"line":137,"column":8},"end":{"line":137,"column":57}},"73":{"start":{"line":140,"column":4},"end":{"line":186,"column":36}},"74":{"start":{"line":141,"column":8},"end":{"line":141,"column":64}},"75":{"start":{"line":143,"column":8},"end":{"line":143,"column":92}},"76":{"start":{"line":146,"column":8},"end":{"line":148,"column":9}},"77":{"start":{"line":147,"column":12},"end":{"line":147,"column":66}},"78":{"start":{"line":150,"column":8},"end":{"line":150,"column":47}},"79":{"start":{"line":152,"column":8},"end":{"line":170,"column":9}},"80":{"start":{"line":154,"column":12},"end":{"line":159,"column":13}},"81":{"start":{"line":155,"column":16},"end":{"line":158,"column":20}},"82":{"start":{"line":161,"column":12},"end":{"line":161,"column":63}},"83":{"start":{"line":164,"column":12},"end":{"line":169,"column":13}},"84":{"start":{"line":165,"column":16},"end":{"line":168,"column":20}},"85":{"start":{"line":172,"column":8},"end":{"line":179,"column":9}},"86":{"start":{"line":173,"column":12},"end":{"line":173,"column":45}},"87":{"start":{"line":175,"column":12},"end":{"line":178,"column":13}},"88":{"start":{"line":177,"column":16},"end":{"line":177,"column":44}},"89":{"start":{"line":181,"column":8},"end":{"line":183,"column":9}},"90":{"start":{"line":182,"column":12},"end":{"line":182,"column":36}},"91":{"start":{"line":185,"column":8},"end":{"line":185,"column":43}},"92":{"start":{"line":188,"column":4},"end":{"line":190,"column":6}}},"branchMap":{"1":{"line":15,"type":"if","locations":[{"start":{"line":15,"column":8},"end":{"line":15,"column":8}},{"start":{"line":15,"column":8},"end":{"line":15,"column":8}}]},"2":{"line":16,"type":"if","locations":[{"start":{"line":16,"column":12},"end":{"line":16,"column":12}},{"start":{"line":16,"column":12},"end":{"line":16,"column":12}}]},"3":{"line":16,"type":"binary-expr","locations":[{"start":{"line":16,"column":16},"end":{"line":16,"column":32}},{"start":{"line":16,"column":36},"end":{"line":16,"column":64}}]},"4":{"line":21,"type":"if","locations":[{"start":{"line":21,"column":12},"end":{"line":21,"column":12}},{"start":{"line":21,"column":12},"end":{"line":21,"column":12}}]},"5":{"line":21,"type":"binary-expr","locations":[{"start":{"line":21,"column":16},"end":{"line":21,"column":37}},{"start":{"line":21,"column":41},"end":{"line":21,"column":57}}]},"6":{"line":30,"type":"if","locations":[{"start":{"line":30,"column":8},"end":{"line":30,"column":8}},{"start":{"line":30,"column":8},"end":{"line":30,"column":8}}]},"7":{"line":52,"type":"if","locations":[{"start":{"line":52,"column":4},"end":{"line":52,"column":4}},{"start":{"line":52,"column":4},"end":{"line":52,"column":4}}]},"8":{"line":58,"type":"if","locations":[{"start":{"line":58,"column":8},"end":{"line":58,"column":8}},{"start":{"line":58,"column":8},"end":{"line":58,"column":8}}]},"9":{"line":58,"type":"binary-expr","locations":[{"start":{"line":58,"column":12},"end":{"line":58,"column":34}},{"start":{"line":58,"column":38},"end":{"line":58,"column":57}}]},"10":{"line":76,"type":"cond-expr","locations":[{"start":{"line":76,"column":43},"end":{"line":76,"column":59}},{"start":{"line":76,"column":62},"end":{"line":76,"column":75}}]},"11":{"line":78,"type":"if","locations":[{"start":{"line":78,"column":4},"end":{"line":78,"column":4}},{"start":{"line":78,"column":4},"end":{"line":78,"column":4}}]},"12":{"line":79,"type":"cond-expr","locations":[{"start":{"line":79,"column":30},"end":{"line":79,"column":43}},{"start":{"line":79,"column":46},"end":{"line":79,"column":51}}]},"13":{"line":80,"type":"if","locations":[{"start":{"line":80,"column":11},"end":{"line":80,"column":11}},{"start":{"line":80,"column":11},"end":{"line":80,"column":11}}]},"14":{"line":80,"type":"binary-expr","locations":[{"start":{"line":80,"column":15},"end":{"line":80,"column":41}},{"start":{"line":80,"column":45},"end":{"line":80,"column":77}}]},"15":{"line":88,"type":"cond-expr","locations":[{"start":{"line":88,"column":38},"end":{"line":88,"column":57}},{"start":{"line":89,"column":11},"end":{"line":90,"column":15}}]},"16":{"line":89,"type":"cond-expr","locations":[{"start":{"line":89,"column":40},"end":{"line":89,"column":61}},{"start":{"line":90,"column":11},"end":{"line":90,"column":15}}]},"17":{"line":111,"type":"binary-expr","locations":[{"start":{"line":111,"column":10},"end":{"line":111,"column":13}},{"start":{"line":111,"column":17},"end":{"line":111,"column":72}}]},"18":{"line":112,"type":"binary-expr","locations":[{"start":{"line":112,"column":14},"end":{"line":112,"column":21}},{"start":{"line":112,"column":25},"end":{"line":112,"column":27}}]},"19":{"line":114,"type":"cond-expr","locations":[{"start":{"line":114,"column":56},"end":{"line":114,"column":70}},{"start":{"line":114,"column":73},"end":{"line":114,"column":86}}]},"20":{"line":125,"type":"if","locations":[{"start":{"line":125,"column":4},"end":{"line":125,"column":4}},{"start":{"line":125,"column":4},"end":{"line":125,"column":4}}]},"21":{"line":129,"type":"if","locations":[{"start":{"line":129,"column":4},"end":{"line":129,"column":4}},{"start":{"line":129,"column":4},"end":{"line":129,"column":4}}]},"22":{"line":136,"type":"if","locations":[{"start":{"line":136,"column":4},"end":{"line":136,"column":4}},{"start":{"line":136,"column":4},"end":{"line":136,"column":4}}]},"23":{"line":146,"type":"if","locations":[{"start":{"line":146,"column":8},"end":{"line":146,"column":8}},{"start":{"line":146,"column":8},"end":{"line":146,"column":8}}]},"24":{"line":152,"type":"if","locations":[{"start":{"line":152,"column":8},"end":{"line":152,"column":8}},{"start":{"line":152,"column":8},"end":{"line":152,"column":8}}]},"25":{"line":154,"type":"if","locations":[{"start":{"line":154,"column":12},"end":{"line":154,"column":12}},{"start":{"line":154,"column":12},"end":{"line":154,"column":12}}]},"26":{"line":164,"type":"if","locations":[{"start":{"line":164,"column":12},"end":{"line":164,"column":12}},{"start":{"line":164,"column":12},"end":{"line":164,"column":12}}]},"27":{"line":172,"type":"if","locations":[{"start":{"line":172,"column":8},"end":{"line":172,"column":8}},{"start":{"line":172,"column":8},"end":{"line":172,"column":8}}]},"28":{"line":172,"type":"binary-expr","locations":[{"start":{"line":172,"column":12},"end":{"line":172,"column":31}},{"start":{"line":172,"column":35},"end":{"line":172,"column":56}}]},"29":{"line":175,"type":"if","locations":[{"start":{"line":175,"column":12},"end":{"line":175,"column":12}},{"start":{"line":175,"column":12},"end":{"line":175,"column":12}}]},"30":{"line":175,"type":"binary-expr","locations":[{"start":{"line":175,"column":16},"end":{"line":175,"column":42}},{"start":{"line":176,"column":16},"end":{"line":176,"column":42}},{"start":{"line":176,"column":46},"end":{"line":176,"column":73}}]},"31":{"line":181,"type":"if","locations":[{"start":{"line":181,"column":8},"end":{"line":181,"column":8}},{"start":{"line":181,"column":8},"end":{"line":181,"column":8}}]}},"code":["var List = require('css-tree').List;","var clone = require('css-tree').clone;","var usageUtils = require('./usage');","var clean = require('./clean');","var replace = require('./replace');","var restructureBlock = require('./restructure');","var walkRules = require('css-tree').walkRules;","","function readChunk(children, specialComments) {","    var buffer = new List();","    var nonSpaceTokenInBuffer = false;","    var protectedComment;","","    children.nextUntil(children.head, function(node, item, list) {","        if (node.type === 'Comment') {","            if (!specialComments || node.value.charAt(0) !== '!') {","                list.remove(item);","                return;","            }","","            if (nonSpaceTokenInBuffer || protectedComment) {","                return true;","            }","","            list.remove(item);","            protectedComment = node;","            return;","        }","","        if (node.type !== 'WhiteSpace') {","            nonSpaceTokenInBuffer = true;","        }","","        buffer.insert(list.remove(item));","    });","","    return {","        comment: protectedComment,","        stylesheet: {","            type: 'StyleSheet',","            loc: null,","            children: buffer","        }","    };","}","","function compressChunk(ast, firstAtrulesAllowed, usageData, num, logger) {","    logger('Compress block #' + num, null, true);","","    var seed = 1;","","    if (ast.type === 'StyleSheet') {","        ast.firstAtrulesAllowed = firstAtrulesAllowed;","        ast.id = seed++;","    }","","    walkRules(ast, function markScopes(node) {","        if (node.type === 'Atrule' && node.block !== null) {","            node.block.id = seed++;","        }","    });","    logger('init', ast);","","    // remove redundant","    clean(ast, usageData);","    logger('clean', ast);","","    // replace nodes for shortened forms","    replace(ast, usageData);","    logger('replace', ast);","","    return ast;","}","","function getCommentsOption(options) {","    var comments = 'comments' in options ? options.comments : 'exclamation';","","    if (typeof comments === 'boolean') {","        comments = comments ? 'exclamation' : false;","    } else if (comments !== 'exclamation' && comments !== 'first-exclamation') {","        comments = false;","    }","","    return comments;","}","","function getRestructureOption(options) {","    return 'restructure' in options ? options.restructure :","           'restructuring' in options ? options.restructuring :","           true;","}","","function wrapBlock(block) {","    return new List().appendData({","        type: 'Rule',","        selector: {","            type: 'SelectorList',","            children: new List().appendData({","                type: 'Selector',","                children: new List().appendData({","                    type: 'Identifier',","                    name: 'x'","                })","            })","        },","        block: block","    });","}","","module.exports = function compress(ast, options) {","    ast = ast || { type: 'StyleSheet', loc: null, children: new List() };","    options = options || {};","","    var logger = typeof options.logger === 'function' ? opti
[...]
pendList(nextDeclarations);","                list.remove(nextItem);","                return;","            }","        }","","        // try to join by properties","        if (utils.isEqualDeclarations(declarations, nextDeclarations)) {","            var nextStr = nextFirstSelector.data.id;","","            selectors.some(function(data, item) {","                var curStr = data.id;","","                if (nextStr < curStr) {","                    selectors.insert(nextFirstSelector, item);","                    return true;","                }","","                if (!item.next) {","                    selectors.insert(nextFirstSelector);","                    return true;","                }","            });","","            list.remove(nextItem);","            return;","        }","","        // go to next ruleset if current one can be skipped (has no equal specificity nor element selector)","        if (nextCompareMarker === nodeCompareMarker) {","            return true;","        }","","        skippedCompareMarkers[nextCompareMarker] = true;","    });","}","","module.exports = function mergeRule(ast) {","    walkRules(ast, function(node, item, list) {","        if (node.type === 'Rule') {","            processRule(node, item, list);","        }","    });","};",""],"l":{"1":1,"2":1,"16":1,"17":0,"18":0,"19":0,"20":0,"22":0,"24":0,"25":0,"28":0,"29":0,"32":0,"33":0,"34":0,"37":0,"38":0,"42":0,"43":0,"44":0,"45":0,"46":0,"51":0,"52":0,"54":0,"55":0,"57":0,"58":0,"59":0,"62":0,"63":0,"64":0,"68":0,"69":0,"73":0,"74":0,"77":0,"81":1,"82":0,"83":0,"84":0}},"/home/travis/build/npmtest/node-npmtest-csso/node_modules/csso/lib/restructure/8-restructRuleset.js":{"path":"/home/travis/build/npmtest/node-npmtest-csso/node_modules/csso/lib/restructure/8-restructRuleset.js","s":{"1":1,"2":1,"3":1,"4":1,"5":0,"6":0,"7":0,"8":0,"9":1,"10":0,"11":0,"12":0,"13":0,"14":1,"15":0,"16":0,"17":0,"18":0,"19":0,"20":0,"21":0,"22":0,"23":0,"24":0,"25":0,"26":0,"27":0,"28":0,"29":0,"30":0,"31":0,"32":0,"33":0,"34":0,"35":0,"36":0,"37":0,"38":0,"39":0,"40":0,"41":0,"42":0,"43":0,"44":0,"45":0,"46":0,"47":0,"48":0,"49":0,"50":0,"51":0,"52":0,"53":0,"54":0,"55":0,"56":0,"57":0,"58":0,"59":0,"60":0,"61":0,"62":0,"63":0,"64":0,"65":0,"66":0,"67":0,"68":0,"69":0,"70":0,"71":1,"72":0,"73":0,"74":0},"b":{"1":[0,0],"2":[0,0],"3":[0,0],"4":[0,0],"5":[0,0],"6":[0,0],"7":[0,0],"8":[0,0],"9":[0,0],"10":[0,0],"11":[0,0],"12":[0,0],"13":[0,0],"14":[0,0],"15":[0,0],"16":[0,0],"17":[0,0],"18":[0,0],"19":[0,0],"20":[0,0],"21":[0,0],"22":[0,0],"23":[0,0],"24":[0,0]},"f":{"1":0,"2":0,"3":0,"4":0,"5":0,"6":0,"7":0,"8":0,"9":0,"10":0,"11":0},"fnMap":{"1":{"name":"calcSelectorLength","line":5,"loc":{"start":{"line":5,"column":0},"end":{"line":5,"column":34}}},"2":{"name":"(anonymous_2)","line":8,"loc":{"start":{"line":8,"column":14},"end":{"line":8,"column":29}}},"3":{"name":"calcDeclarationsLength","line":15,"loc":{"start":{"line":15,"column":0},"end":{"line":15,"column":40}}},"4":{"name":"processRule","line":28,"loc":{"start":{"line":28,"column":0},"end":{"line":28,"column":39}}},"5":{"name":"(anonymous_5)","line":36,"loc":{"start":{"line":36,"column":30},"end":{"line":36,"column":55}}},"6":{"name":"(anonymous_6)","line":49,"loc":{"start":{"line":49,"column":45},"end":{"line":49,"column":64}}},"7":{"name":"(anonymous_7)","line":138,"loc":{"start":{"line":138,"column":47},"end":{"line":138,"column":70}}},"8":{"name":"(anonymous_8)","line":139,"loc":{"start":{"line":139,"column":38},"end":{"line":139,"column":57}}},"9":{"name":"(anonymous_9)","line":145,"loc":{"start":{"line":145,"column":27},"end":{"line":145,"column":42}}},"10":{"name":"restructRule","line":151,"loc":{"start":{"line":151,"column":17},"end":{"line":151,"column":44}}},"11":{"name":"(anonymous_11)","line":152,"loc":{"start":{"line":152,"column":24},"end":{"line":152,"column":51}}}},"statementMap":{"1":{"start":{"line":1,"column":0},"end":{"line":1,"column":36}},"2":{"start":{"line":2,"column":0},"end":{"line":2,"column":56}},"3":{"start":{"line":3,"column":0},"end":{"line":3,"column":34}},"4":{"start":{"line":5,"column":0},"end":{"line":13,"column":1}},"5":{"start":{"line":6,"column":4},"end":{"line":6,"column":19}},"6":{"start":{"line":8,"column":4},"end":{"line":10,"column":7}},"7":{"start":{"line":9,"column":8},"end":{"line":9,"column":37}},"8":{"start":{"line":12,"column":4},"end":{"line":12,"column":22}},"9":{"start":{"line":15,"column":0},"end":{"line":26,"column":1}},"10":{"start":{"line":16,"column":4},"end":{"line":16,"column":19}},"11":{"start":{"line":18,"column":4},"end":{"line":20,"column":5}},"12":{"start":{"line":19,"column":8},"end":{"line":19,"column":35}},"13":{"start":{"line":22,"column":4},"end":{"line":25,"column":6}},"14":{"start":{"line":28,"column":0},"end":{"line":149,"column":1}},"15":{"start":{"line":29,"column":4},"end":{"line":29,"column":83}},"16":{"start":{"line":30,"column":4},"end":{"line":30,"column":43}},"17":{"start":{"line":31,"column":4},"end":{"line":31,"column":27}},"18":{"start":{"line":32,"column":4},"end":{"line":32,"column":50}},"19":{"start":{"line":33,"column":4},"end":{"line":33,"column":28}},"20":{"start":{"line":34,"column":4},"end":{"line":34,"column":30}},"21":{"start":{"line":36,"column":4},"end":{"line":148,"column":7}},"22":{"start":{"line":38,"column":8},"end":{"line":40,"column":9}},"23":{"start":{"line":39,"column":12},"end":{"line":39,"column":64}},"24":{"start":{"line":42,"column":8},"end":{"line":42,"column":51}},"25":{"start":{"line":43,"column":8},"end":{"line":43,"column":35}},"26":{"start":{"line":45,"column":8},"end":{"line":47,"column":9}},"27":{"start":{"line":46,"column":12},"end":{"line":46,"column":24}},"28":{"start":{"line":49,"column":8},"end":{"line":51,"column":11}},"29":{"start":{"line":50,"column":12},"end":{"line":50,"column":65}},"30":{"start":{"line":54,"column":8},"end":{"line":56,"column":9}},"31":{"start":{"line":55,"column":12},"end":{"line":55,"column":24}},"32":{"start":{"line":59,"column":8},"end":{"line":63,"column":9}},"33":{"start":{"line":60,"column":12},"end":{"line":60,"column":58}},"34":{"start":{"line":61,"column":12},"end":{"line":61,"column":30}},"35":{"start":{"line":62,"column":12},"end":{"line":62,"column":24}},"36":{"start":{"line":66,"column":8},"end":{"line":66,"column":81}},"37":{"start":{"line":70,"column":8},"end":{"line":133,"column":9}},"38":{"start":{"line":71,"column":12},"end":{"line":132,"column":13}},"39":{"start":{"line":73,"column":16},"end":{"line":76,"column":17}},"40":{"start":{"line":74,"column":20},"end":{"line":74,"column":65}},"41":{"start":{"line":75,"column":20},"end":{"line":75,"column":42}},"42":{"start":{"line":78,"column":16},"end":{"line":78,"column":28}},"43":{"start":{"line":79,"column":19},"end":{"line":132,"column":13}},"44":{"start":{"line":82,"column":16},"end":{"line":131,"column":17}},"45":{"start":{"line":84,"column":20},"end":{"line":84,"column":71}},"46":{"start":{"line":85,"column":20},"end":{"line":85,"column":70}},"47":{"start":{"line":87,"column":20},"end":{"line":90,"column":21}},"48":{"start":{"line":88,"column":24},"end":{"line":88,"column":69}},"49":{"start":{"line":89,"column":24},"end":{"line":89,"column":72}},"50":{"start":{"line":91,"column":23},"end":{"line":131,"column":17}},"51":{"start":{"line":93,"column":20},"end":{"line":93,"column":75}},"52":{"start":{"line":94,"column":20},"end":{"line":94,"column":70}},"53":{"start":{"line":96,"column":20},"end":{"line":99,"column":21}},"54":{"start":{"line":97,"column":24},"end":{"line":97,"column":69}},"55":{"start":{"line":98,"column":24},"end":{"line":98,"column":76}},"56":{"start":{"line":103,"column":20},"end":{"line":107,"column":22}},"57":{"start":{"line":108,"column":20},"end":{"line":108,"column":86}},"58":{"start":{"line":109,"column":20},"end":{"line":109,"column":70}},"59":{"start":{"line":113,"column":20},"end":{"line":130,"column":21}},"60":{"start":{"line":114,"column":24},"end":{"line":124,"column":26}},"61":{"start":{"line":126,"column":24},"end":{"line":126,"column":72}},"62":{"start":{"line":127,"column":24},"end":{"line":127,"column":102}},"63":{"start":{"line":128,"column":24},"end":{"line":128,"column":72}},"64":{"start":{"line":129,"column":24},"end":{"line":129,"column":36}},"65":{"start":{"line":135,"column":8},"end":{"line":143,"column":9}},"66":{"start":{"line":138,"column":12},"end":{"line":142,"column":15}},"67":{"start":{"line":139,"column":16},"end":{"line":141,"column":19}},"68":{"start":{"line":140,"column":20},"end":{"line":140,"column":81}},"69":{"start":{"line":145,"column":8},"end":{"line":147,"column":11}},"70":{"start":{"line":146,"column":12},"end":{"line":146,"column":59}},"71":{"start":{"line":151,"column":0},"end":{"line":157,"column":2}},"72":{"start":{"line":152,"column":4},"end":{"line":156,"column":7}},"73":{"start":{"line":153,"column":8},"end":{"line":155,"column":9}},"74":{"start":{"line":154,"column":12},"end":{"line":154,"column":53}}},"branchMap":{"1":{"line":29,"type":"cond-expr","locations":[{"start":{"line":29,"column":48},"end":{"line":29,"column":74}},{"start":{"line":29,"column":77},"end":{"line":29,"column":82}}]},"2":{"line":38,"type":"if","locations":[{"start":{"line":38,"column":8},"end":{"line":38,"column":8}},{"start":{"line":38,"column":8},"end":{"line":38,"column":8}}]},"3":{"line":45,"type":"if","locations":[{"start":{"line":45,"column":8},"end":{"line":45,"column":8}},{"start":{"line":45,"column":8},"end":{"line":45,"column":8}}]},"4":{"line":54,"type":"if","locations":[{"start":{"line":54,"column":8},"end":{"line":54,"column":8}},{"start":{"line":54,"column":8},"end":{"line":54,"column":8}}]},"5":{"line":54,"type":"binary-expr","locations":[{"start":{"line":54,"column":12},"end":{"line":54,"column":27}},{"start":{"line":54,"column":31},"end":{"line":54,"column":44}}]},"6":{"line":59,"type":"if","locations":[{"start":{"line":59,"column":8},"end":{"line":59,"column":8}},{"start":{"line":59,"column":8},"end":{"line":59,"column":8}}]},"7":{"line":59,"type":"binary-expr","locations":[{"start":{"line":59,"column":12},"end":{"line":59,"column":24}},{"start":{"line":59,"column":28},"end":{"line":59,"column":76}}]},"8":{"line":70,"type":"if","locations":[{"start":{"line":70,"column":8},"end":{"line":70,"column":8}},{"start":{"line":70,"column":8},"end":{"line":70,"column":8}}]},"9":{"line":71,"type":"if","locations":[{"start":{"line":71,"column":12},"end":{"line":71,"column":12}},{"start":{"line":71,"column":12},"end":{"line":71,"column":12}}]},"10":{"line":71,"type":"binary-expr","locations":[{"start":{"line":71,"column":16},"end":{"line":71,"column":32}},{"start":{"line":71,"column":36},"end":{"line":71,"column":52}}]},"11":{"line":73,"type":"if","locations":[{"start":{"line":73,"column":16},"end":{"line":73,"column":16}},{"start":{"line":73,"column":16},"end":{"line":73,"column":16}}]},"12":{"line":79,"type":"if","locations":[{"start":{"line":79,"column":19},"end":{"line":79,"column":19}},{"start":{"line":79,"column":19},"end":{"line":79,"column":19}}]},"13":{"line":82,"type":"if","locations":[{"start":{"line":82,"column":16},"end":{"line":82,"column":16}},{"start":{"line":82,"column":16},"end":{"line":82,"column":16}}]},"14":{"line":82,"type":"binary-expr","locations":[{"start":{"line":82,"column":20},"end":{"line":82,"column":35}},{"start":{"line":82,"column":39},"end":{"line":82,"column":55}}]},"15":{"line":87,"type":"if","locations":[{"start":{"line":87,"column":20},"end":{"line":87,"column":20}},{"start":{"line":87,"column":20},"end":{"line":87,"column":20}}]},"16":{"line":87,"type":"binary-expr","locations":[{"start":{"line":87,"column":24},"end":{"line":87,"column":36}},{"start":{"line":87,"column":40},"end":{"line":87,"column":68}}]},"17":{"line":91,"type":"if","locations":[{"start":{"line":91,"column":23},"end":{"line":91,"column":23}},{"start":{"line":91,"column":23},"end":{"line":91,"column":23}}]},"18":{"line":91,"type":"binary-expr","locations":[{"start":{"line":91,"column":27},"end":{"line":91,"column":43}},{"start":{"line":91,"column":47},"end":{"line":91,"column":62}}]},"19":{"line":96,"type":"if","locations":[{"start":{"line":96,"column":20},"end":{"line":96,"column":20}},{"start":{"line":96,"column":20},"end":{"line":96,"column":20}}]},"20":{"line":96,"type":"binary-expr","locations":[{"start":{"line":96,"column":24},"end":{"line":96,"column":38}},{"start":{"line":96,"column":42},"end":{"line":96,"column":70}}]},"21":{"line":113,"type":"if","locations":[{"start":{"line":113,"column":20},"end":{"line":113,"column":20}},{"start":{"line":113,"column":20},"end":{"line":113,"column":20}}]},"22":{"line":113,"type":"binary-expr","locations":[{"start":{"line":113,"column":24},"end":{"line":113,"column":38}},{"start":{"line":113,"column":42},"end":{"line":113,"column":71}}]},"23":{"line":135,"type":"if","locations":[{"start":{"line":135,"column":8},"end":{"line":135,"column":8}},{"start":{"line":135,"column":8},"end":{"line":135,"column":8}}]},"24":{"line":153,"type":"if","locations":[{"start":{"line":153,"column":8},"end":{"line":153,"column":8}},{"start":{"line":153,"column":8},"end":{"line":153,"column":8}}]}},"code":["var List = require('css-tree').List;","var walkRulesRight = require('css-tree').walkRulesRight;","var utils = require('./utils.js');","","function calcSelectorLength(list) {","    var length = 0;","","    list.each(function(data) {","        length += data.id.length + 1;","    });","","    return length - 1;","}","","function calcDeclarationsLength(tokens) {","    var length = 0;","","    for (var i = 0; i < tokens.length; i++) {","        length += tokens[i].length;","    }","","    return (","        length +          // declarations","        tokens.length - 1 // delimeters","    );","}","","function processRule(node, item, list) {","    var avoidRulesMerge = this.block !== null ? this.block.avoidRulesMerge : false;","    var selectors = node.selector.children;","    var block = node.block;","    var disallowDownMarkers = Object.create(null);","    var allowMergeUp = true;","    var allowMergeDown = true;","","    list.prevUntil(item.prev, function(prev, prevItem) {","        // skip non-ruleset node if safe","        if (prev.type !== 'Rule') {","            return utils.unsafeToSkipNode.call(selectors, prev);","        }","","        var prevSelectors = prev.selector.children;","        var prevBlock = prev.block;","","        if (node.pseudoSignature !== prev.pseudoSignature) {","            return true;","        }","","        allowMergeDown = !prevSelectors.some(function(selector) {","            return selector.compareMarker in disallowDownMarkers;","        });","","        // try prev ruleset if simpleselectors has no equal specifity and element selector","        if (!allowMergeDown && !allowMergeUp) {","            return true;","        }","","        // try to join by selectors","        if (allowMergeUp && utils.isEqualSelectors(prevSelectors, selectors)) {","            prevBlock.children.appendList(block.children);","            list.remove(item);","            return true;","        }","","        // try to join by properties","        var diff = utils.compareDeclarations(block.children, prevBlock.children);","","        // console.log(diff.eq, diff.ne1, diff.ne2);","","        if (diff.eq.length) {","            if (!diff.ne1.length && !diff.ne2.length) {","                // equal blocks","                if (allowMergeDown) {","                    utils.addSelectors(selectors, prevSelectors);","                    list.remove(prevItem);","                }","","                return true;","            } else if (!avoidRulesMerge) { /* probably we don't need to prevent those merges for @keyframes","                                              TODO: need to be checked */","","                if (diff.ne1.length && !diff.ne2.length) {","                    // prevBlock is subset block","                    var selectorLength = calcSelectorLength(selectors);","                    var blockLength = calcDeclarationsLength(diff.eq); // declarations length","","                    if (allowMergeUp && selectorLength < blockLength) {","                        utils.addSelectors(prevSelectors, selectors);","                        block.children = new List().fromArray(diff.ne1);","                    }","                } else if (!diff.ne1.length && diff.ne2.length) {","                    // node is subset of prevBlock","                    var selectorLength = calcSelectorLength(prevSelectors);","                    var blockLength = calcDeclarationsLength(diff.eq); // declarations length","","                    if (allowMergeDown && selectorLength < blockLength) {","                        utils.addSelectors(selectors, prevSelectors);","                        prevBlock.children = new List().fromArray(diff.ne2);","                    }","                } else {","                    // diff.ne1.length && diff.ne2.length","                    // extract equal block","                    var newSelector = {","                        type: 'SelectorList',","                        loc: null,","                        children: utils.addSelectors(prevSelectors.copy(), selectors)","                    };","                    var newBlockLength = calcSelectorLength(newSelector.children) + 2; // selectors length + curly braces length","                    var blockLength = calcDeclarationsLength(diff.eq); // declarations length","","                    // create new ruleset if declarations length greater than","                    // ruleset description overhead","                    if (allowMergeDown && blockLength >= newBlockLength) {","                        var newRule = {","                            type: 'Rule',","                            loc: null,","                            selector: newSelector,","                            block: {","                                type: 'Block',","                                loc: null,","                                children: new List().fromArray(diff.eq)","                            },","                            pseudoSignature: node.pseudoSignature","                        };","","                        block.children = new List().fromArray(diff.ne1);","                        prevBlock.children = new List().fromArray(diff.ne2.concat(diff.ne2overrided));","                        list.insert(list.createItem(newRule), prevItem);","                        return true;","                    }","                }","            }","        }","","        if (allowMergeUp) {","            // TODO: disallow up merge only if any property interception only (i.e. diff.ne2overrided.length > 0);","            // await property families to find property interception correctly","            allowMergeUp = !prevSelectors.some(function(prevSelector) {","                return selectors.some(function(selector) {","                    return selector.compareMarker === prevSelector.compareMarker;","                });","            });","        }","","        prevSelectors.each(function(data) {","            disallowDownMarkers[data.compareMarker] = true;","        });","    });","}","","module.exports = function restructRule(ast) {","    walkRulesRight(ast, function(node, item, list) {","        if (node.type === 'Rule') {","            processRule.call(this, node, item, list);","        }","    });","};",""],"l":{"1":1,"2":1,"3":1,"5":1,"6":0,"8":0,"9":0,"12":0,"15":1,"16":0,"18":0,"19":0,"22":0,"28":1,"29":0,"30":0,"31":0,"32":0,"33":0,"34":0,"36":0,"38":0,"39":0,"42":0,"43":0,"45":0,"46":0,"49":0,"50":0,"54":0,"55":0,"59":0,"60":0,"61":0,"62":0,"66":0,"70":0,"71":0,"73":0,"74":0,"75":0,"78":0,"79":0,"82":0,"84":0,"85":0,"87":0,"88":0,"89":0,"91":0,"93":0,"94":0,"96":0,"97":0,"98":0,"103":0,"108":0,"109":0,"113":0,"114":0,"126":0,"127":0,"128":0,"129":0,"135":0,"138":0,"139":0,"140":0,"145":0,"146":0,"151":1,"152":0,"153":0,"154":0}}}